[15:04:40] [LOGS] Initialisation des logs...[15:04:41] [OTHER] Configuration chargée
[15:04:41] [OTHER] Configuration chargée
[15:04:42] [SERIAL] Liaison série ESP32 démarrée
[15:04:43] [MYSQL] Connecté a la BDD MYSQL
[15:04:47] [SERIAL] Commande liaison série capteur reçue MSG DEMARRAGE TRANSMISSION MESURE AVEC 0.55 SECONDE(S) ENTRE CHAQUE MESURE (Portance maximum en g : 2; Trainee maximum en g : 2)

[15:04:48] [SERIAL] Enregistrement mesure démarée
[15:04:49] [SERIAL] Commande liaison série capteur reçue PORTANCE 0.00 TRAINEE 0.00

[15:04:49] [SERIAL] Enregistrement mesure arrêtée
[15:04:51] [SERIAL] Commande liaison série capteur reçue PORTANCE 0.00 TRAINEE 0.00

[15:04:52] [SERIAL] Enregistrement mesure démarée
[15:04:53] [SERIAL] Commande liaison série capteur reçue PORTANCE 0.00 TRAINEE 0.00

[15:04:53] [CAMERA] [SAVE-IMAGE]Lancement de l'enregristrement d'une image 
[15:04:53] [CAMERA] [MEMOIRE]Initialisation de la caméra...
[15:04:53] [CAMERA] [MEMOIRE]Initialisation de la caméra sans erreur.
[15:04:54] [CAMERA] [SAVE-IMAGE]Capture de l'image avec la mesure
[15:04:54] [CAMERA] [SAVE-IMAGE]Capture enregistrer de l'image dans /var/www/html//IMG/22032023_150452/[22-03-2023--15-04-54] PORTANCE 0 TRAINEE 0.jpg
[15:04:55] [SERIAL] Commande liaison série capteur reçue PORTANCE 0.00 TRAINEE 0.00

[15:04:55] [CAMERA] [SAVE-IMAGE]Lancement de l'enregristrement d'une image 
[15:04:55] [CAMERA] [MEMOIRE]Initialisation de la caméra...
[15:04:55] [CAMERA] [MEMOIRE]Initialisation de la caméra sans erreur.
[15:04:56] [CAMERA] [SAVE-IMAGE]Capture de l'image avec la mesure
[15:04:56] [CAMERA] [SAVE-IMAGE]Capture enregistrer de l'image dans /var/www/html//IMG/22032023_150452/[22-03-2023--15-04-56] PORTANCE 0 TRAINEE 0.jpg
[15:04:57] [SERIAL] Commande liaison série capteur reçue PORTANCE 0.00 TRAINEE 0.00

[15:04:57] [CAMERA] [SAVE-IMAGE]Lancement de l'enregristrement d'une image 
[15:04:57] [CAMERA] [MEMOIRE]Initialisation de la caméra...
[15:04:57] [CAMERA] [MEMOIRE]Initialisation de la caméra sans erreur.
[15:04:58] [SERIAL] Enregistrement mesure arrêtée
[15:04:58] [CAMERA] [SAVE-IMAGE]Capture de l'image avec la mesure
[15:04:58] [CAMERA] [SAVE-IMAGE]Capture enregistrer de l'image dans /var/www/html//IMG/22032023_150452/[22-03-2023--15-04-58] PORTANCE 0 TRAINEE 0.jpg
[15:04:58] [DEBUG] Message affiché : Transmission de la session numéro 53 bien effectuée.
[15:04:59] [SERIAL] Commande liaison série capteur reçue PORTANCE 0.00 TRAINEE 0.00

[15:05:02] [SERIAL] Commande liaison série capteur reçue PORTANCE 0.10 TRAINEE 0.10

[15:05:04] [SERIAL] Commande liaison série capteur reçue PORTANCE 0.00 TRAINEE 0.00

[15:05:06] [SERIAL] Commande liaison série capteur reçue PORTANCE 0.10 TRAINEE 0.00

[15:05:08] [SERIAL] Commande liaison série capteur reçue PORTANCE 0.00 TRAINEE 0.00

[15:05:10] [SERIAL] Commande liaison série capteur reçue PORTANCE 0.00 TRAINEE 0.00

[15:05:12] [SERIAL] Commande liaison série capteur reçue PORTANCE 0.10 TRAINEE 0.10

[15:05:14] [SERIAL] Commande liaison série capteur reçue PORTANCE 0.00 TRAINEE 0.00

[15:05:16] [SERIAL] Commande liaison série capteur reçue PORTANCE 0.00 TRAINEE 0.00

[15:05:18] [SERIAL] Commande liaison série capteur reçue PORTANCE 0.00 TRAINEE 0.00

[15:05:20] [SERIAL] Commande liaison série capteur reçue PORTANCE 0.00 TRAINEE 0.00

[15:05:22] [SERIAL] Commande liaison série capteur reçue PORTANCE 0.00 TRAINEE 0.00

[15:05:24] [SERIAL] Commande liaison série capteur reçue PORTANCE 0.00 TRAINEE 0.00

[15:05:26] [SERIAL] Commande liaison série capteur reçue PORTANCE 0.10 TRAINEE 0.00

[15:05:29] [SERIAL] Commande liaison série capteur reçue PORTANCE 0.00 TRAINEE 0.00

[15:05:31] [SERIAL] Commande liaison série capteur reçue PORTANCE 0.00 TRAINEE 0.00

[15:05:33] [SERIAL] Commande liaison série capteur reçue PORTANCE 0.00 TRAINEE 0.00

[15:05:35] [SERIAL] Commande liaison série capteur reçue PORTANCE 0.00 TRAINEE 0.00

[15:05:37] [SERIAL] Commande liaison série capteur reçue PORTANCE 0.00 TRAINEE 0.00

[15:05:39] [SERIAL] Commande liaison série capteur reçue PORTANCE 0.00 TRAINEE 0.00

[15:05:41] [SERIAL] Commande liaison série capteur reçue PORTANCE 0.00 TRAINEE 0.00

[15:05:43] [SERIAL] Commande liaison série capteur reçue PORTANCE 0.00 TRAINEE 0.00

[15:05:45] [SERIAL] Commande liaison série capteur reçue PORTANCE 0.00 TRAINEE 0.00

[15:05:48] [SERIAL] Commande liaison série capteur reçue PORTANCE 0.00 TRAINEE 0.00

[15:05:50] [SERIAL] Commande liaison série capteur reçue PORTANCE 0.00 TRAINEE 0.00

[15:05:52] [SERIAL] Commande liaison série capteur reçue PORTANCE 0.00 TRAINEE 0.00

[15:05:54] [SERIAL] Commande liaison série capteur reçue PORTANCE 0.00 TRAINEE 0.00

[15:05:56] [SERIAL] Commande liaison série capteur reçue PORTANCE 0.00 TRAINEE 0.00

[15:05:58] [SERIAL] Commande liaison série capteur reçue PORTANCE 0.00 TRAINEE 0.00

[15:06:00] [SERIAL] Commande liaison série capteur reçue PORTANCE 0.10 TRAINEE 0.00

[15:06:02] [SERIAL] Commande liaison série capteur reçue PORTANCE 0.10 TRAINEE 0.10

[15:06:04] [SERIAL] Commande liaison série capteur reçue PORTANCE 0.00 TRAINEE 0.00

[15:06:06] [SERIAL] Commande liaison série capteur reçue PORTANCE 0.10 TRAINEE 0.00

[15:06:08] [SERIAL] Commande liaison série capteur reçue PORTANCE 0.00 TRAINEE 0.00

[15:06:10] [SERIAL] Commande liaison série capteur reçue PORTANCE 0.10 TRAINEE 0.00

[15:06:12] [SERIAL] Commande liaison série capteur reçue PORTANCE 0.00 TRAINEE 0.00

[15:06:15] [SERIAL] Commande liaison série capteur reçue PORTANCE 0.00 TRAINEE 0.00

[15:06:17] [SERIAL] Commande liaison série capteur reçue PORTANCE 0.00 TRAINEE 0.00

[15:06:19] [SERIAL] Commande liaison série capteur reçue PORTANCE 0.00 TRAINEE 0.00

[15:06:21] [SERIAL] Commande liaison série capteur reçue PORTANCE 0.00 TRAINEE 0.00

[15:06:23] [SERIAL] Commande liaison série capteur reçue PORTANCE 0.00 TRAINEE 0.00

[15:06:25] [SERIAL] Commande liaison série capteur reçue PORTANCE 0.00 TRAINEE 0.00

[15:06:27] [SERIAL] Commande liaison série capteur reçue PORTANCE 0.00 TRAINEE 0.00

[15:06:29] [SERIAL] Commande liaison série capteur reçue PORTANCE 0.00 TRAINEE 0.00

[15:06:31] [SERIAL] Commande liaison série capteur reçue PORTANCE 0.00 TRAINEE 0.00

[15:06:33] [SERIAL] Commande liaison série capteur reçue PORTANCE 0.00 TRAINEE 0.00

[15:06:35] [SERIAL] Commande liaison série capteur reçue PORTANCE 0.00 TRAINEE 0.00

[15:06:38] [SERIAL] Commande liaison série capteur reçue PORTANCE 0.00 TRAINEE 0.00

[15:06:40] [SERIAL] Commande liaison série capteur reçue PORTANCE 0.00 TRAINEE 0.00

[15:06:42] [SERIAL] Commande liaison série capteur reçue PORTANCE 0.00 TRAINEE 0.00

[15:06:44] [SERIAL] Commande liaison série capteur reçue PORTANCE 0.00 TRAINEE 0.00

[15:06:46] [SERIAL] Commande liaison série capteur reçue PORTANCE 0.00 TRAINEE 0.00

[15:06:48] [SERIAL] Commande liaison série capteur reçue PORTANCE 0.00 TRAINEE 0.00

[15:06:50] [SERIAL] Commande liaison série capteur reçue PORTANCE 0.00 TRAINEE 0.00

[15:06:52] [SERIAL] Commande liaison série capteur reçue PORTANCE 0.00 TRAINEE 0.00

[15:06:54] [SERIAL] Commande liaison série capteur reçue PORTANCE 0.00 TRAINEE 0.00

[15:06:56] [SERIAL] Commande liaison série capteur reçue PORTANCE 0.00 TRAINEE 0.00

[15:06:58] [SERIAL] Commande liaison série capteur reçue PORTANCE 0.00 TRAINEE 0.00

[15:07:01] [SERIAL] Commande liaison série capteur reçue PORTANCE 0.00 TRAINEE 0.00

[15:07:03] [SERIAL] Commande liaison série capteur reçue PORTANCE 0.00 TRAINEE 0.00

[15:07:05] [SERIAL] Commande liaison série capteur reçue PORTANCE 0.10 TRAINEE 0.10

[15:07:07] [SERIAL] Commande liaison série capteur reçue PORTANCE 0.00 TRAINEE 0.00

[15:07:09] [SERIAL] Commande liaison série capteur reçue PORTANCE 0.00 TRAINEE 0.00

[15:07:11] [SERIAL] Commande liaison série capteur reçue PORTANCE 0.10 TRAINEE 0.00

[15:07:13] [SERIAL] Commande liaison série capteur reçue PORTANCE 0.00 TRAINEE 0.00

[15:07:15] [SERIAL] Commande liaison série capteur reçue PORTANCE 0.10 TRAINEE 0.00

[15:07:17] [SERIAL] Commande liaison série capteur reçue PORTANCE 0.00 TRAINEE 0.00

[15:07:19] [SERIAL] Commande liaison série capteur reçue PORTANCE 0.00 TRAINEE 0.00

[15:07:21] [SERIAL] Commande liaison série capteur reçue PORTANCE 0.00 TRAINEE 0.00

[15:07:24] [SERIAL] Commande liaison série capteur reçue PORTANCE 0.00 TRAINEE 0.00

[15:07:26] [SERIAL] Commande liaison série capteur reçue PORTANCE 0.00 TRAINEE 0.00

[15:07:28] [SERIAL] Commande liaison série capteur reçue PORTANCE 0.00 TRAINEE 0.00

[15:07:30] [SERIAL] Commande liaison série capteur reçue PORTANCE 0.10 TRAINEE 0.00

[15:07:32] [SERIAL] Commande liaison série capteur reçue PORTANCE 0.00 TRAINEE 0.00

[15:07:34] [SERIAL] Commande liaison série capteur reçue PORTANCE 0.00 TRAINEE 0.00

[15:07:36] [SERIAL] Commande liaison série capteur reçue PORTANCE 0.00 TRAINEE 0.00

[15:07:38] [SERIAL] Commande liaison série capteur reçue PORTANCE 0.00 TRAINEE 0.10

[15:07:40] [SERIAL] Commande liaison série capteur reçue PORTANCE 0.00 TRAINEE 0.00

[15:07:42] [SERIAL] Commande liaison série capteur reçue PORTANCE 0.00 TRAINEE 0.00

[15:07:44] [SERIAL] Commande liaison série capteur reçue PORTANCE 0.10 TRAINEE 0.00

[15:07:47] [SERIAL] Commande liaison série capteur reçue PORTANCE 0.00 TRAINEE 0.00

[15:07:49] [SERIAL] Commande liaison série capteur reçue PORTANCE 0.00 TRAINEE 0.00

[15:07:51] [SERIAL] Commande liaison série capteur reçue PORTANCE 0.00 TRAINEE 0.00

[15:07:53] [SERIAL] Commande liaison série capteur reçue PORTANCE 0.00 TRAINEE 0.00

[15:07:55] [SERIAL] Commande liaison série capteur reçue PORTANCE 0.00 TRAINEE 0.00

[15:07:57] [SERIAL] Commande liaison série capteur reçue PORTANCE 0.00 TRAINEE 0.00

[15:07:59] [SERIAL] Commande liaison série capteur reçue PORTANCE 0.10 TRAINEE 0.00

[15:08:01] [SERIAL] Commande liaison série capteur reçue PORTANCE 0.10 TRAINEE 0.10

[15:08:03] [SERIAL] Commande liaison série capteur reçue PORTANCE 0.00 TRAINEE 0.00

[15:08:05] [SERIAL] Commande liaison série capteur reçue PORTANCE 0.00 TRAINEE 0.00

[15:08:07] [SERIAL] Commande liaison série capteur reçue PORTANCE 0.00 TRAINEE 0.10

[15:08:09] [CAMERA] [DISPLAY-IMAGE]Lancement de la capture d'image 
[15:08:09] [CAMERA] [MEMOIRE]Initialisation de la caméra...
[15:08:09] [CAMERA] [MEMOIRE]Initialisation de la caméra sans erreur.
[15:08:09] [CAMERA] [DISPLAY-IMAGE]Initialisation terminer
[15:08:09] [CAMERA] [DISPLAY-IMAGE]Capture en cours...
[15:08:09] [CAMERA] Bouton start retour cam introuvable !!!
[15:08:09] [SERIAL] Commande liaison série capteur reçue PORTANCE 0.00 TRAINEE 0.00

[15:08:12] [SERIAL] Commande liaison série capteur reçue PORTANCE 0.00 TRAINEE 0.10

[15:08:14] [SERIAL] Commande liaison série capteur reçue PORTANCE 0.10 TRAINEE 0.00

[15:08:16] [SERIAL] Commande liaison série capteur reçue PORTANCE 0.10 TRAINEE 0.00

[15:08:18] [SERIAL] Commande liaison série capteur reçue PORTANCE 0.20 TRAINEE 0.20

[15:08:20] [SERIAL] Commande liaison série capteur reçue PORTANCE 0.10 TRAINEE 0.10

[15:08:22] [SERIAL] Commande liaison série capteur reçue PORTANCE 0.20 TRAINEE 0.10

[15:08:24] [SERIAL] Commande liaison série capteur reçue PORTANCE 0.10 TRAINEE 0.00

[15:08:26] [SERIAL] Commande liaison série capteur reçue PORTANCE 0.10 TRAINEE 0.00

[15:08:28] [SERIAL] Commande liaison série capteur reçue PORTANCE 0.00 TRAINEE 0.00

[15:08:30] [SERIAL] Commande liaison série capteur reçue PORTANCE 0.10 TRAINEE 0.00

[15:08:32] [SERIAL] Commande liaison série capteur reçue PORTANCE 0.20 TRAINEE 0.00

[15:08:34] [SERIAL] Commande liaison série capteur reçue PORTANCE 0.10 TRAINEE 0.00

[15:08:36] [SERIAL] Commande liaison série capteur reçue PORTANCE 0.10 TRAINEE 0.00

[15:08:39] [SERIAL] Commande liaison série capteur reçue PORTANCE 0.10 TRAINEE 0.00

[15:08:41] [SERIAL] Commande liaison série capteur reçue PORTANCE 0.10 TRAINEE 0.00

[15:08:43] [SERIAL] Commande liaison série capteur reçue PORTANCE 0.10 TRAINEE 0.00

[15:08:45] [SERIAL] Commande liaison série capteur reçue PORTANCE 0.10 TRAINEE 0.00

[15:08:47] [SERIAL] Commande liaison série capteur reçue PORTANCE 0.10 TRAINEE 0.00

[15:08:49] [SERIAL] Commande liaison série capteur reçue PORTANCE 0.10 TRAINEE 0.00

[15:08:51] [SERIAL] Commande liaison série capteur reçue PORTANCE 0.10 TRAINEE 0.10

[15:08:53] [SERIAL] Commande liaison série capteur reçue PORTANCE 0.20 TRAINEE 0.10

[15:08:55] [SERIAL] Commande liaison série capteur reçue PORTANCE 0.10 TRAINEE 0.10

[15:08:58] [SERIAL] Commande liaison série capteur reçue PORTANCE 0.10 TRAINEE 0.10

[15:09:00] [SERIAL] Commande liaison série capteur reçue PORTANCE 0.20 TRAINEE 0.10

[15:09:02] [SERIAL] Commande liaison série capteur reçue PORTANCE 0.00 TRAINEE 0.30

[15:09:04] [SERIAL] Commande liaison série capteur reçue PORTANCE 0.30 TRAINEE 0.50

[15:09:06] [SERIAL] Commande liaison série capteur reçue PORTANCE 0.70 TRAINEE 0.10

[15:09:08] [SERIAL] Commande liaison série capteur reçue PORTANCE 0.20 TRAINEE 0.10

[15:09:10] [SERIAL] Commande liaison série capteur reçue PORTANCE 0.10 TRAINEE 0.10

[15:09:12] [SERIAL] Commande liaison série capteur reçue PORTANCE 0.20 TRAINEE 0.00

[15:09:14] [SERIAL] Commande liaison série capteur reçue PORTANCE 0.10 TRAINEE 0.10

[15:09:16] [SERIAL] Commande liaison série capteur reçue PORTANCE 0.20 TRAINEE 1.00

[15:09:18] [SERIAL] Commande liaison série capteur reçue PORTANCE 5.60 TRAINEE 0.10

[15:09:21] [SERIAL] Commande liaison série capteur reçue PORTANCE 0.00 TRAINEE 0.00

[15:09:23] [SERIAL] Commande liaison série capteur reçue PORTANCE 0.20 TRAINEE 0.10

[15:09:25] [SERIAL] Commande liaison série capteur reçue PORTANCE 0.10 TRAINEE 0.00

[15:09:27] [SERIAL] Commande liaison série capteur reçue PORTANCE 0.10 TRAINEE 0.00

[15:09:29] [SERIAL] Commande liaison série capteur reçue PORTANCE 0.10 TRAINEE 0.00

[15:09:31] [SERIAL] Commande liaison série capteur reçue PORTANCE 0.10 TRAINEE 0.00

[15:09:33] [SERIAL] Commande liaison série capteur reçue PORTANCE 0.10 TRAINEE 0.10

[15:09:35] [SERIAL] Commande liaison série capteur reçue PORTANCE 0.10 TRAINEE 0.00

[15:09:37] [SERIAL] Commande liaison série capteur reçue PORTANCE 0.10 TRAINEE 0.00

[15:09:39] [SERIAL] Commande liaison série capteur reçue PORTANCE 0.10 TRAINEE 0.00

[15:09:41] [SERIAL] Commande liaison série capteur reçue PORTANCE 0.10 TRAINEE 0.00

[15:09:43] [SERIAL] Commande liaison série capteur reçue PORTANCE 0.00 TRAINEE 0.10

[15:09:46] [SERIAL] Commande liaison série capteur reçue PORTANCE 1.10 TRAINEE 0.50

[15:09:48] [SERIAL] Commande liaison série capteur reçue PORTANCE 0.40 TRAINEE 0.00

[15:09:50] [SERIAL] Commande liaison série capteur reçue PORTANCE 0.10 TRAINEE 0.00

[15:09:52] [SERIAL] Commande liaison série capteur reçue PORTANCE 0.10 TRAINEE 0.00

[15:09:54] [SERIAL] Commande liaison série capteur reçue PORTANCE 0.10 TRAINEE 0.00

[15:09:56] [SERIAL] Commande liaison série capteur reçue PORTANCE 0.10 TRAINEE 0.00

[15:09:58] [SERIAL] Commande liaison série capteur reçue PORTANCE 0.10 TRAINEE 0.00

[15:10:00] [SERIAL] Commande liaison série capteur reçue PORTANCE 0.10 TRAINEE 0.00

[15:10:02] [SERIAL] Commande liaison série capteur reçue PORTANCE 0.10 TRAINEE 0.00

[15:10:04] [SERIAL] Commande liaison série capteur reçue PORTANCE 0.10 TRAINEE 0.00

[15:10:07] [SERIAL] Commande liaison série capteur reçue PORTANCE 0.10 TRAINEE 0.00

[15:10:09] [SERIAL] Commande liaison série capteur reçue PORTANCE 0.10 TRAINEE 0.00

[15:10:11] [SERIAL] Commande liaison série capteur reçue PORTANCE 0.10 TRAINEE 0.00

[15:10:13] [SERIAL] Commande liaison série capteur reçue PORTANCE 0.10 TRAINEE 0.00

[15:10:15] [SERIAL] Commande liaison série capteur reçue PORTANCE 0.10 TRAINEE 0.00

[15:10:17] [SERIAL] Commande liaison série capteur reçue PORTANCE 0.10 TRAINEE 0.00

[15:10:19] [SERIAL] Commande liaison série capteur reçue PORTANCE 0.10 TRAINEE 0.00

[15:10:21] [SERIAL] Commande liaison série capteur reçue PORTANCE 0.10 TRAINEE 0.00

[15:10:23] [SERIAL] Commande liaison série capteur reçue PORTANCE 0.10 TRAINEE 0.00

[15:10:25] [SERIAL] Commande liaison série capteur reçue PORTANCE 0.10 TRAINEE 0.00

[15:10:27] [SERIAL] Commande liaison série capteur reçue PORTANCE 0.10 TRAINEE 0.00

[15:10:29] [SERIAL] Commande liaison série capteur reçue PORTANCE 0.10 TRAINEE 0.00

[15:10:31] [SERIAL] Commande liaison série capteur reçue PORTANCE 0.10 TRAINEE 0.00

[15:10:34] [SERIAL] Commande liaison série capteur reçue PORTANCE 0.10 TRAINEE 0.00

[15:10:36] [SERIAL] Commande liaison série capteur reçue PORTANCE 0.10 TRAINEE 0.00

[15:10:38] [SERIAL] Commande liaison série capteur reçue PORTANCE 0.10 TRAINEE 0.00

[15:10:40] [SERIAL] Commande liaison série capteur reçue PORTANCE 0.10 TRAINEE 0.00

[15:10:42] [SERIAL] Commande liaison série capteur reçue PORTANCE 0.10 TRAINEE 0.00

[15:10:44] [SERIAL] Commande liaison série capteur reçue PORTANCE 0.10 TRAINEE 0.00

[15:10:46] [SERIAL] Commande liaison série capteur reçue PORTANCE 0.10 TRAINEE 0.00

[15:10:48] [SERIAL] Commande liaison série capteur reçue PORTANCE 0.10 TRAINEE 0.00

[15:10:50] [SERIAL] Commande liaison série capteur reçue PORTANCE 0.10 TRAINEE 0.00

[15:10:52] [SERIAL] Commande liaison série capteur reçue PORTANCE 0.10 TRAINEE 0.00

[15:10:54] [SERIAL] Commande liaison série capteur reçue PORTANCE 0.10 TRAINEE 0.00

[15:10:57] [SERIAL] Commande liaison série capteur reçue PORTANCE 0.10 TRAINEE 0.00

[15:10:59] [SERIAL] Commande liaison série capteur reçue PORTANCE 0.10 TRAINEE 0.00

[15:11:01] [SERIAL] Commande liaison série capteur reçue PORTANCE 0.10 TRAINEE 0.00

[15:11:03] [SERIAL] Commande liaison série capteur reçue PORTANCE 0.10 TRAINEE 0.00

[15:11:05] [SERIAL] Commande liaison série capteur reçue PORTANCE 0.10 TRAINEE 0.00

[15:11:07] [SERIAL] Commande liaison série capteur reçue PORTANCE 0.10 TRAINEE 0.00

[15:11:09] [SERIAL] Commande liaison série capteur reçue PORTANCE 0.10 TRAINEE 0.00

[15:11:11] [SERIAL] Commande liaison série capteur reçue PORTANCE 0.10 TRAINEE 0.00

[15:11:13] [SERIAL] Commande liaison série capteur reçue PORTANCE 0.10 TRAINEE 0.00

[15:11:15] [SERIAL] Commande liaison série capteur reçue PORTANCE 0.10 TRAINEE 0.00

[15:11:18] [SERIAL] Commande liaison série capteur reçue PORTANCE 0.00 TRAINEE 0.00

[15:11:20] [SERIAL] Commande liaison série capteur reçue PORTANCE 0.00 TRAINEE 0.40

[15:11:22] [SERIAL] Commande liaison série capteur reçue PORTANCE 0.00 TRAINEE 0.00

[15:11:24] [SERIAL] Commande liaison série capteur reçue PORTANCE 0.20 TRAINEE 0.10

[15:11:26] [SERIAL] Commande liaison série capteur reçue PORTANCE 0.20 TRAINEE 0.10

[15:11:28] [SERIAL] Commande liaison série capteur reçue PORTANCE 0.20 TRAINEE 0.20

[15:11:30] [SERIAL] Commande liaison série capteur reçue PORTANCE 0.10 TRAINEE 0.00

[15:11:32] [SERIAL] Commande liaison série capteur reçue PORTANCE 0.10 TRAINEE 0.00

[15:11:34] [SERIAL] Commande liaison série capteur reçue PORTANCE 0.10 TRAINEE 0.00

[15:11:36] [SERIAL] Commande liaison série capteur reçue PORTANCE 0.10 TRAINEE 0.00

[15:11:38] [SERIAL] Commande liaison série capteur reçue PORTANCE 0.10 TRAINEE 0.00

[15:11:40] [SERIAL] Commande liaison série capteur reçue PORTANCE 0.10 TRAINEE 0.00

[15:11:43] [SERIAL] Commande liaison série capteur reçue PORTANCE 0.10 TRAINEE 0.00

[15:11:45] [SERIAL] Commande liaison série capteur reçue PORTANCE 0.10 TRAINEE 0.00

[15:11:47] [SERIAL] Commande liaison série capteur reçue PORTANCE 0.10 TRAINEE 0.00

[15:11:49] [SERIAL] Commande liaison série capteur reçue PORTANCE 0.10 TRAINEE 0.00

[15:11:51] [SERIAL] Commande liaison série capteur reçue PORTANCE 0.10 TRAINEE 0.00

[15:11:53] [SERIAL] Commande liaison série capteur reçue PORTANCE 0.10 TRAINEE 0.00

[15:11:55] [SERIAL] Commande liaison série capteur reçue PORTANCE 0.10 TRAINEE 0.00

[15:11:57] [SERIAL] Commande liaison série capteur reçue PORTANCE 0.10 TRAINEE 0.00

[15:11:59] [SERIAL] Commande liaison série capteur reçue PORTANCE 0.10 TRAINEE 0.00

[15:12:01] [SERIAL] Commande liaison série capteur reçue PORTANCE 0.10 TRAINEE 0.00

[15:12:03] [SERIAL] Commande liaison série capteur reçue PORTANCE 0.20 TRAINEE 0.00

[15:12:05] [SERIAL] Commande liaison série capteur reçue PORTANCE 0.10 TRAINEE 0.00

[15:12:07] [SERIAL] Commande liaison série capteur reçue PORTANCE 0.10 TRAINEE 0.00

[15:12:10] [SERIAL] Commande liaison série capteur reçue PORTANCE 0.10 TRAINEE 0.00

[15:12:12] [SERIAL] Commande liaison série capteur reçue PORTANCE 0.10 TRAINEE 0.00

[15:12:14] [SERIAL] Commande liaison série capteur reçue PORTANCE 0.10 TRAINEE 0.00

[15:12:16] [SERIAL] Commande liaison série capteur reçue PORTANCE 0.10 TRAINEE 0.00

[15:12:18] [SERIAL] Commande liaison série capteur reçue PORTANCE 0.10 TRAINEE 0.00

[15:12:20] [SERIAL] Commande liaison série capteur reçue PORTANCE 0.10 TRAINEE 0.00

[15:12:22] [SERIAL] Commande liaison série capteur reçue PORTANCE 0.10 TRAINEE 0.00

[15:12:24] [SERIAL] Commande liaison série capteur reçue PORTANCE 0.10 TRAINEE 0.00

[15:12:26] [SERIAL] Commande liaison série capteur reçue PORTANCE 0.10 TRAINEE 0.00

[15:12:29] [SERIAL] Commande liaison série capteur reçue PORTANCE 0.10 TRAINEE 0.00

[15:12:31] [SERIAL] Commande liaison série capteur reçue PORTANCE 0.10 TRAINEE 0.00

[15:12:33] [SERIAL] Commande liaison série capteur reçue PORTANCE 0.10 TRAINEE 0.00

[15:12:35] [SERIAL] Commande liaison série capteur reçue PORTANCE 0.10 TRAINEE 0.00

[15:12:37] [SERIAL] Commande liaison série capteur reçue PORTANCE 0.10 TRAINEE 0.00

[15:12:39] [SERIAL] Commande liaison série capteur reçue PORTANCE 0.10 TRAINEE 0.00

[15:12:41] [SERIAL] Commande liaison série capteur reçue PORTANCE 0.10 TRAINEE 0.00

[15:12:43] [SERIAL] Commande liaison série capteur reçue PORTANCE 0.10 TRAINEE 0.00

[15:12:45] [SERIAL] Commande liaison série capteur reçue PORTANCE 0.10 TRAINEE 0.00

[15:12:47] [SERIAL] Commande liaison série capteur reçue PORTANCE 0.20 TRAINEE 0.00

[15:12:49] [SERIAL] Commande liaison série capteur reçue PORTANCE 0.10 TRAINEE 0.00

[15:12:51] [CAMERA] [SAVE-IMAGE]Lancement de l'enregristrement d'une image 
[15:12:51] [CAMERA] [MEMOIRE]Initialisation de la caméra...
[15:12:51] [CAMERA] [MEMOIRE]Initialisation de la caméra sans erreur.
[15:12:51] [CAMERA] [SAVE-IMAGE]Capture de l'image avec la mesure
[15:12:51] [CAMERA] [SAVE-IMAGE]Capture enregistrer de l'image dans /var/www/html//IMG//[22-03-2023--15-12-51] PORTANCE 0,1 TRAINEE 0.jpg
[15:12:51] [OTHER] Nombre d'image : 1
[15:12:52] [SERIAL] Commande liaison série capteur reçue PORTANCE 0.10 TRAINEE 0.00

[15:12:54] [SERIAL] Commande liaison série capteur reçue PORTANCE 0.10 TRAINEE 0.00

[15:12:56] [SERIAL] Commande liaison série capteur reçue PORTANCE 0.10 TRAINEE 0.00

[15:12:58] [SERIAL] Commande liaison série capteur reçue PORTANCE 0.20 TRAINEE 0.00

[15:13:00] [SERIAL] Commande liaison série capteur reçue PORTANCE 0.10 TRAINEE 0.00

[15:13:01] [CAMERA] [SAVE-IMAGE]Lancement de l'enregristrement d'une image 
[15:13:01] [CAMERA] [MEMOIRE]Initialisation de la caméra...
[15:13:01] [CAMERA] [MEMOIRE]Initialisation de la caméra sans erreur.
[15:13:01] [CAMERA] [SAVE-IMAGE]Capture de l'image avec la mesure
[15:13:01] [CAMERA] [SAVE-IMAGE]Capture enregistrer de l'image dans /var/www/html//IMG//[22-03-2023--15-13-01] PORTANCE 0,1 TRAINEE 0.jpg
[15:13:01] [OTHER] Nombre d'image : 2
[15:13:02] [SERIAL] Commande liaison série capteur reçue PORTANCE 0.10 TRAINEE 0.00

[15:13:04] [CAMERA] [SAVE-IMAGE]Lancement de l'enregristrement d'une image 
[15:13:04] [CAMERA] [MEMOIRE]Initialisation de la caméra...
[15:13:04] [CAMERA] [MEMOIRE]Initialisation de la caméra sans erreur.
[15:13:04] [CAMERA] [SAVE-IMAGE]Capture de l'image avec la mesure
[15:13:04] [CAMERA] [SAVE-IMAGE]Capture enregistrer de l'image dans /var/www/html//IMG//[22-03-2023--15-13-04] PORTANCE 0,1 TRAINEE 0.jpg
[15:13:04] [OTHER] Nombre d'image : 3
[15:13:04] [SERIAL] Commande liaison série capteur reçue PORTANCE 0.10 TRAINEE 0.10

[15:13:06] [SERIAL] Commande liaison série capteur reçue PORTANCE 0.30 TRAINEE 0.00

[15:13:08] [SERIAL] Commande liaison série capteur reçue PORTANCE 0.10 TRAINEE 0.00

[15:13:10] [SERIAL] Commande liaison série capteur reçue PORTANCE 0.40 TRAINEE 0.00

[15:13:12] [SERIAL] Commande liaison série capteur reçue PORTANCE 0.10 TRAINEE 0.00

[15:13:14] [SERIAL] Commande liaison série capteur reçue PORTANCE 0.30 TRAINEE 0.10

[15:13:16] [SERIAL] Commande liaison série capteur reçue PORTANCE 0.10 TRAINEE 0.00

[15:13:19] [SERIAL] Commande liaison série capteur reçue PORTANCE 0.10 TRAINEE 0.00

[15:13:21] [SERIAL] Commande liaison série capteur reçue PORTANCE 0.10 TRAINEE 0.00

[15:13:23] [SERIAL] Commande liaison série capteur reçue PORTANCE 0.10 TRAINEE 0.00

[15:13:25] [SERIAL] Commande liaison série capteur reçue PORTANCE 0.10 TRAINEE 0.00

[15:13:27] [SERIAL] Commande liaison série capteur reçue PORTANCE 0.10 TRAINEE 0.00

[15:13:29] [SERIAL] Commande liaison série capteur reçue PORTANCE 0.10 TRAINEE 0.00

[15:13:31] [SERIAL] Commande liaison série capteur reçue PORTANCE 0.10 TRAINEE 0.00

[15:13:33] [SERIAL] Commande liaison série capteur reçue PORTANCE 0.10 TRAINEE 0.00

[15:13:35] [SERIAL] Commande liaison série capteur reçue PORTANCE 0.10 TRAINEE 0.00

[15:13:37] [SERIAL] Commande liaison série capteur reçue PORTANCE 0.10 TRAINEE 0.00

[15:13:39] [SERIAL] Commande liaison série capteur reçue PORTANCE 0.10 TRAINEE 0.00

[15:13:42] [SERIAL] Commande liaison série capteur reçue PORTANCE 0.10 TRAINEE 0.00

[15:13:44] [SERIAL] Commande liaison série capteur reçue PORTANCE 0.10 TRAINEE 0.00

[15:13:46] [SERIAL] Commande liaison série capteur reçue PORTANCE 0.10 TRAINEE 0.00

[15:13:48] [SERIAL] Commande liaison série capteur reçue PORTANCE 0.10 TRAINEE 0.00

[15:13:50] [SERIAL] Commande liaison série capteur reçue PORTANCE 0.10 TRAINEE 0.00

[15:13:52] [SERIAL] Commande liaison série capteur reçue PORTANCE 0.10 TRAINEE 0.00

[15:13:54] [SERIAL] Commande liaison série capteur reçue PORTANCE 0.10 TRAINEE 0.00

[15:13:56] [SERIAL] Commande liaison série capteur reçue PORTANCE 0.10 TRAINEE 0.00

[15:13:58] [SERIAL] Commande liaison série capteur reçue PORTANCE 0.10 TRAINEE 0.00

[15:14:00] [SERIAL] Commande liaison série capteur reçue PORTANCE 0.10 TRAINEE 0.00

[15:14:02] [SERIAL] Commande liaison série capteur reçue PORTANCE 0.10 TRAINEE 0.00

[15:14:05] [SERIAL] Commande liaison série capteur reçue PORTANCE 0.10 TRAINEE 0.00

[15:14:07] [SERIAL] Commande liaison série capteur reçue PORTANCE 0.10 TRAINEE 0.00

[15:14:09] [SERIAL] Commande liaison série capteur reçue PORTANCE 0.10 TRAINEE 0.00

[15:14:11] [SERIAL] Commande liaison série capteur reçue PORTANCE 0.10 TRAINEE 0.00

[15:14:13] [SERIAL] Commande liaison série capteur reçue PORTANCE 0.10 TRAINEE 0.00

[15:14:15] [SERIAL] Commande liaison série capteur reçue PORTANCE 0.10 TRAINEE 0.00

[15:14:17] [SERIAL] Commande liaison série capteur reçue PORTANCE 0.10 TRAINEE 0.00

[15:14:19] [SERIAL] Commande liaison série capteur reçue PORTANCE 0.10 TRAINEE 0.00

[15:14:21] [SERIAL] Commande liaison série capteur reçue PORTANCE 0.10 TRAINEE 0.00

[15:14:23] [SERIAL] Commande liaison série capteur reçue PORTANCE 0.10 TRAINEE 0.00

[15:14:25] [SERIAL] Commande liaison série capteur reçue PORTANCE 0.10 TRAINEE 0.00

[15:14:28] [SERIAL] Commande liaison série capteur reçue PORTANCE 0.10 TRAINEE 0.00

[15:14:30] [SERIAL] Commande liaison série capteur reçue PORTANCE 0.10 TRAINEE 0.00

[15:14:32] [SERIAL] Commande liaison série capteur reçue PORTANCE 0.10 TRAINEE 0.00

[15:14:34] [SERIAL] Commande liaison série capteur reçue PORTANCE 0.10 TRAINEE 0.00

[15:14:36] [SERIAL] Commande liaison série capteur reçue PORTANCE 0.10 TRAINEE 0.00

[15:14:38] [SERIAL] Commande liaison série capteur reçue PORTANCE 0.10 TRAINEE 0.00

[15:14:40] [SERIAL] Commande liaison série capteur reçue PORTANCE 0.10 TRAINEE 0.00

[15:14:42] [SERIAL] Commande liaison série capteur reçue PORTANCE 0.10 TRAINEE 0.00

[15:14:44] [SERIAL] Commande liaison série capteur reçue PORTANCE 0.10 TRAINEE 0.00

[15:14:46] [SERIAL] Commande liaison série capteur reçue PORTANCE 0.10 TRAINEE 0.00

[15:14:48] [SERIAL] Commande liaison série capteur reçue PORTANCE 0.10 TRAINEE 0.00

[15:14:50] [SERIAL] Commande liaison série capteur reçue PORTANCE 0.10 TRAINEE 0.00

[15:14:52] [SERIAL] Commande liaison série capteur reçue PORTANCE 0.10 TRAINEE 0.00

[15:14:55] [SERIAL] Commande liaison série capteur reçue PORTANCE 0.10 TRAINEE 0.00

[15:14:57] [SERIAL] Commande liaison série capteur reçue PORTANCE 0.10 TRAINEE 0.00

[15:14:59] [SERIAL] Commande liaison série capteur reçue PORTANCE 0.10 TRAINEE 0.00

[15:15:01] [SERIAL] Commande liaison série capteur reçue PORTANCE 0.10 TRAINEE 0.00

[15:15:03] [SERIAL] Commande liaison série capteur reçue PORTANCE 0.10 TRAINEE 0.00

[15:15:05] [SERIAL] Commande liaison série capteur reçue PORTANCE 0.10 TRAINEE 0.00

[15:15:07] [SERIAL] Commande liaison série capteur reçue PORTANCE 0.10 TRAINEE 0.00

[15:15:09] [SERIAL] Commande liaison série capteur reçue PORTANCE 0.10 TRAINEE 0.00

[15:15:11] [SERIAL] Commande liaison série capteur reçue PORTANCE 0.10 TRAINEE 0.00

[15:15:13] [SERIAL] Commande liaison série capteur reçue PORTANCE 0.10 TRAINEE 0.00

[15:15:15] [SERIAL] Commande liaison série capteur reçue PORTANCE 0.10 TRAINEE 0.00

[15:15:18] [SERIAL] Commande liaison série capteur reçue PORTANCE 0.10 TRAINEE 0.00

[15:15:20] [SERIAL] Commande liaison série capteur reçue PORTANCE 0.10 TRAINEE 0.00

[15:15:22] [SERIAL] Commande liaison série capteur reçue PORTANCE 0.10 TRAINEE 0.00

[15:15:24] [SERIAL] Commande liaison série capteur reçue PORTANCE 0.10 TRAINEE 0.00

[15:15:26] [SERIAL] Commande liaison série capteur reçue PORTANCE 0.10 TRAINEE 0.00

[15:15:28] [SERIAL] Commande liaison série capteur reçue PORTANCE 0.10 TRAINEE 0.00

[15:15:30] [SERIAL] Commande liaison série capteur reçue PORTANCE 0.10 TRAINEE 0.00

[15:15:32] [SERIAL] Commande liaison série capteur reçue PORTANCE 0.10 TRAINEE 0.00

[15:15:34] [SERIAL] Commande liaison série capteur reçue PORTANCE 0.10 TRAINEE 0.00

[15:15:36] [SERIAL] Commande liaison série capteur reçue PORTANCE 0.10 TRAINEE 0.00

[15:15:38] [SERIAL] Commande liaison série capteur reçue PORTANCE 0.10 TRAINEE 0.00

[15:15:41] [SERIAL] Commande liaison série capteur reçue PORTANCE 0.10 TRAINEE 0.00

[15:15:43] [SERIAL] Commande liaison série capteur reçue PORTANCE 0.10 TRAINEE 0.00

[15:15:45] [SERIAL] Commande liaison série capteur reçue PORTANCE 0.10 TRAINEE 0.00

[15:15:47] [SERIAL] Commande liaison série capteur reçue PORTANCE 0.10 TRAINEE 0.00

[15:15:49] [SERIAL] Commande liaison série capteur reçue PORTANCE 0.10 TRAINEE 0.00

[15:15:51] [SERIAL] Commande liaison série capteur reçue PORTANCE 0.10 TRAINEE 0.00

[15:15:53] [SERIAL] Commande liaison série capteur reçue PORTANCE 0.10 TRAINEE 0.00

[15:15:55] [SERIAL] Commande liaison série capteur reçue PORTANCE 0.10 TRAINEE 0.00

[15:15:57] [SERIAL] Commande liaison série capteur reçue PORTANCE 0.10 TRAINEE 0.00

[15:15:59] [SERIAL] Commande liaison série capteur reçue PORTANCE 0.10 TRAINEE 0.00

[15:16:01] [SERIAL] Commande liaison série capteur reçue PORTANCE 0.10 TRAINEE 0.00

[15:16:04] [SERIAL] Commande liaison série capteur reçue PORTANCE 0.10 TRAINEE 0.00

[15:16:06] [SERIAL] Commande liaison série capteur reçue PORTANCE 0.10 TRAINEE 0.00

[15:16:08] [SERIAL] Commande liaison série capteur reçue PORTANCE 0.10 TRAINEE 0.00

[15:16:09] [SERIAL] Transmission mesure arrêtée
[15:16:09] [SERIAL] Liaison série ESP32 arrêtée
