[15:18:41] [LOGS] Initialisation des logs...[15:18:41] [OTHER] Nombre d'image : 6
[15:18:41] [OTHER] Configuration chargée
[15:18:41] [OTHER] Configuration chargée
[15:18:43] [SERIAL] Liaison série ESP32 démarrée
[15:18:43] [MYSQL] Connecté a la BDD MYSQL
[15:18:44] [CAMERA] [DISPLAY-IMAGE]Lancement de la capture d'image 
[15:18:44] [CAMERA] [MEMOIRE]Initialisation de la caméra...
[15:18:44] [CAMERA] [MEMOIRE]Initialisation de la caméra sans erreur.
[15:18:44] [CAMERA] [DISPLAY-IMAGE]Initialisation terminer
[15:18:44] [CAMERA] [DISPLAY-IMAGE]Capture en cours...
[15:18:44] [CAMERA] Bouton start retour cam introuvable !!!
[15:18:57] [CAMERA] [SAVE-IMAGE]Lancement de l'enregristrement d'une image 
[15:18:57] [CAMERA] [MEMOIRE]Initialisation de la caméra...
[15:18:57] [CAMERA] [MEMOIRE]Initialisation de la caméra sans erreur.
[15:18:58] [CAMERA] [SAVE-IMAGE]Capture de l'image avec la mesure
[15:18:58] [CAMERA] [SAVE-IMAGE]Capture enregistrer de l'image dans /var/www/html//IMG//[22-03-2023--15-18-58] PORTANCE  TRAINEE .jpg
[15:18:58] [OTHER] Nombre d'image : 7
[15:19:11] [CAMERA] [SAVE-IMAGE]Lancement de l'enregristrement d'une image 
[15:19:11] [CAMERA] [MEMOIRE]Initialisation de la caméra...
[15:19:11] [CAMERA] [MEMOIRE]Initialisation de la caméra sans erreur.
[15:19:12] [CAMERA] [SAVE-IMAGE]Capture de l'image avec la mesure
[15:19:12] [CAMERA] [SAVE-IMAGE]Capture enregistrer de l'image dans /var/www/html//IMG//[22-03-2023--15-19-12] PORTANCE  TRAINEE .jpg
[15:19:12] [OTHER] Nombre d'image : 8
[15:26:41] [SERIAL] Enregistrement mesure démarée
[15:26:43] [SERIAL] Commande liaison série capteur reçue MSG DEMARRAGE TRANSMISSION MESURE AVEC 0.55 SECONDE(S) ENTRE CHAQUE MESURE (Portance maximum en g : 2; Trainee maximum en g : 2)

[15:26:45] [SERIAL] Commande liaison série capteur reçue PORTANCE 0.00 TRAINEE 0.00

[15:26:45] [CAMERA] [SAVE-IMAGE]Lancement de l'enregristrement d'une image 
[15:26:45] [CAMERA] [MEMOIRE]Initialisation de la caméra...
[15:26:45] [CAMERA] [MEMOIRE]Initialisation de la caméra sans erreur.
[15:26:45] [CAMERA] [SAVE-IMAGE]Capture de l'image avec la mesure
[15:26:45] [CAMERA] [SAVE-IMAGE]Capture enregistrer de l'image dans /var/www/html//IMG/22032023_152641/[22-03-2023--15-26-45] PORTANCE 0 TRAINEE 0.jpg
[15:26:47] [SERIAL] Commande liaison série capteur reçue PORTANCE 0.00 TRAINEE 0.00

[15:26:47] [CAMERA] [SAVE-IMAGE]Lancement de l'enregristrement d'une image 
[15:26:47] [CAMERA] [MEMOIRE]Initialisation de la caméra...
[15:26:47] [CAMERA] [MEMOIRE]Initialisation de la caméra sans erreur.
[15:26:47] [SERIAL] Enregistrement mesure arrêtée
[15:26:47] [CAMERA] [SAVE-IMAGE]Capture de l'image avec la mesure
[15:26:47] [CAMERA] [SAVE-IMAGE]Capture enregistrer de l'image dans /var/www/html//IMG/22032023_152641/[22-03-2023--15-26-47] PORTANCE 0 TRAINEE 0.jpg
[15:26:48] [DEBUG] Message affiché : Transmission de la session numéro 54 bien effectuée.
[15:26:49] [SERIAL] Commande liaison série capteur reçue PORTANCE 0.00 TRAINEE 0.00

[15:26:51] [SERIAL] Commande liaison série capteur reçue PORTANCE 0.00 TRAINEE 0.00

[15:26:53] [SERIAL] Commande liaison série capteur reçue PORTANCE 0.00 TRAINEE 0.00

[15:26:55] [SERIAL] Commande liaison série capteur reçue PORTANCE 0.00 TRAINEE 0.00

[15:26:57] [SERIAL] Commande liaison série capteur reçue PORTANCE 0.00 TRAINEE 0.00

[15:26:59] [SERIAL] Commande liaison série capteur reçue PORTANCE 0.00 TRAINEE 0.00

[15:27:01] [SERIAL] Commande liaison série capteur reçue PORTANCE 0.00 TRAINEE 0.00

[15:27:04] [SERIAL] Commande liaison série capteur reçue PORTANCE 0.00 TRAINEE 0.00

[15:27:06] [SERIAL] Commande liaison série capteur reçue PORTANCE 0.00 TRAINEE 0.00

[15:27:08] [SERIAL] Commande liaison série capteur reçue PORTANCE 0.00 TRAINEE 0.00

[15:27:10] [SERIAL] Commande liaison série capteur reçue PORTANCE 0.00 TRAINEE 0.00

[15:27:12] [SERIAL] Commande liaison série capteur reçue PORTANCE 0.00 TRAINEE 0.00

[15:27:14] [SERIAL] Commande liaison série capteur reçue PORTANCE 0.00 TRAINEE 0.00

[15:27:16] [SERIAL] Commande liaison série capteur reçue PORTANCE 0.00 TRAINEE 0.00

[15:27:18] [SERIAL] Commande liaison série capteur reçue PORTANCE 0.00 TRAINEE 0.00

[15:27:20] [SERIAL] Commande liaison série capteur reçue PORTANCE 0.00 TRAINEE 0.00

[15:27:22] [SERIAL] Commande liaison série capteur reçue PORTANCE 0.00 TRAINEE 0.00

[15:27:24] [SERIAL] Commande liaison série capteur reçue PORTANCE 0.00 TRAINEE 0.00

[15:27:27] [SERIAL] Commande liaison série capteur reçue PORTANCE 0.00 TRAINEE 0.00

[15:27:29] [SERIAL] Commande liaison série capteur reçue PORTANCE 0.00 TRAINEE 0.00

[15:27:31] [SERIAL] Commande liaison série capteur reçue PORTANCE 0.00 TRAINEE 0.00

[15:27:33] [SERIAL] Commande liaison série capteur reçue PORTANCE 0.00 TRAINEE 0.00

[15:27:35] [SERIAL] Commande liaison série capteur reçue PORTANCE 0.00 TRAINEE 0.00

[15:27:37] [SERIAL] Commande liaison série capteur reçue PORTANCE 0.00 TRAINEE 0.00

[15:27:39] [SERIAL] Commande liaison série capteur reçue PORTANCE 0.10 TRAINEE 0.00

[15:27:41] [SERIAL] Commande liaison série capteur reçue PORTANCE 0.00 TRAINEE 0.00

[15:27:43] [SERIAL] Commande liaison série capteur reçue PORTANCE 0.00 TRAINEE 0.00

[15:27:45] [SERIAL] Commande liaison série capteur reçue PORTANCE 0.00 TRAINEE 0.00

[15:27:47] [SERIAL] Commande liaison série capteur reçue PORTANCE 0.00 TRAINEE 0.00

[15:27:49] [SERIAL] Commande liaison série capteur reçue PORTANCE 0.00 TRAINEE 0.00

[15:27:52] [SERIAL] Commande liaison série capteur reçue PORTANCE 0.00 TRAINEE 0.00

[15:27:54] [SERIAL] Commande liaison série capteur reçue PORTANCE 0.00 TRAINEE 0.00

[15:27:56] [SERIAL] Commande liaison série capteur reçue PORTANCE 0.00 TRAINEE 0.00

[15:27:58] [SERIAL] Commande liaison série capteur reçue PORTANCE 0.00 TRAINEE 0.00

[15:28:00] [SERIAL] Commande liaison série capteur reçue PORTANCE 0.00 TRAINEE 0.00

[15:28:02] [SERIAL] Commande liaison série capteur reçue PORTANCE 0.00 TRAINEE 0.00

[15:28:04] [SERIAL] Commande liaison série capteur reçue PORTANCE 0.00 TRAINEE 0.00

[15:28:06] [SERIAL] Commande liaison série capteur reçue PORTANCE 0.00 TRAINEE 0.00

[15:28:08] [SERIAL] Commande liaison série capteur reçue PORTANCE 0.00 TRAINEE 0.00

[15:28:10] [SERIAL] Commande liaison série capteur reçue PORTANCE 0.00 TRAINEE 0.00

[15:28:12] [SERIAL] Commande liaison série capteur reçue PORTANCE 0.00 TRAINEE 0.00

[15:28:14] [SERIAL] Commande liaison série capteur reçue PORTANCE 0.00 TRAINEE 0.00

[15:28:16] [SERIAL] Commande liaison série capteur reçue PORTANCE 0.00 TRAINEE 0.00

[15:28:19] [SERIAL] Commande liaison série capteur reçue PORTANCE 0.00 TRAINEE 0.00

[15:28:21] [SERIAL] Commande liaison série capteur reçue PORTANCE 0.00 TRAINEE 0.00

[15:28:23] [SERIAL] Commande liaison série capteur reçue PORTANCE 0.00 TRAINEE 0.00

[15:28:25] [SERIAL] Commande liaison série capteur reçue PORTANCE 0.00 TRAINEE 0.00

[15:28:27] [SERIAL] Commande liaison série capteur reçue PORTANCE 0.00 TRAINEE 0.00

[15:28:29] [SERIAL] Commande liaison série capteur reçue PORTANCE 0.00 TRAINEE 0.00

[15:28:31] [SERIAL] Commande liaison série capteur reçue PORTANCE 0.00 TRAINEE 0.00

[15:28:33] [SERIAL] Commande liaison série capteur reçue PORTANCE 0.00 TRAINEE 0.00

[15:28:35] [SERIAL] Commande liaison série capteur reçue PORTANCE 0.00 TRAINEE 0.00

[15:28:37] [SERIAL] Commande liaison série capteur reçue PORTANCE 0.00 TRAINEE 0.00

[15:28:39] [SERIAL] Commande liaison série capteur reçue PORTANCE 0.00 TRAINEE 0.00

[15:28:42] [SERIAL] Commande liaison série capteur reçue PORTANCE 0.00 TRAINEE 0.00

[15:28:44] [SERIAL] Commande liaison série capteur reçue PORTANCE 0.00 TRAINEE 0.00

[15:28:46] [SERIAL] Commande liaison série capteur reçue PORTANCE 0.00 TRAINEE 0.00

[15:28:48] [SERIAL] Commande liaison série capteur reçue PORTANCE 0.00 TRAINEE 0.00

[15:28:50] [SERIAL] Commande liaison série capteur reçue PORTANCE 0.00 TRAINEE 0.00

[15:28:52] [SERIAL] Commande liaison série capteur reçue PORTANCE 0.00 TRAINEE 0.00

[15:28:54] [SERIAL] Commande liaison série capteur reçue PORTANCE 0.00 TRAINEE 0.00

[15:28:56] [SERIAL] Commande liaison série capteur reçue PORTANCE 0.00 TRAINEE 0.00

[15:28:58] [SERIAL] Commande liaison série capteur reçue PORTANCE 0.00 TRAINEE 0.00

[15:29:00] [SERIAL] Commande liaison série capteur reçue PORTANCE 0.00 TRAINEE 0.00

[15:29:02] [SERIAL] Commande liaison série capteur reçue PORTANCE 0.00 TRAINEE 0.00

[15:29:05] [SERIAL] Commande liaison série capteur reçue PORTANCE 0.00 TRAINEE 0.00

[15:29:07] [SERIAL] Commande liaison série capteur reçue PORTANCE 0.00 TRAINEE 0.00

[15:29:09] [SERIAL] Commande liaison série capteur reçue PORTANCE 0.00 TRAINEE 0.00

[15:29:11] [SERIAL] Commande liaison série capteur reçue PORTANCE 0.00 TRAINEE 0.00

[15:29:13] [SERIAL] Commande liaison série capteur reçue PORTANCE 0.00 TRAINEE 0.00

[15:29:15] [SERIAL] Commande liaison série capteur reçue PORTANCE 0.00 TRAINEE 0.00

[15:29:17] [SERIAL] Commande liaison série capteur reçue PORTANCE 0.00 TRAINEE 0.00

[15:29:19] [SERIAL] Commande liaison série capteur reçue PORTANCE 0.00 TRAINEE 0.00

[15:29:21] [SERIAL] Commande liaison série capteur reçue PORTANCE 0.00 TRAINEE 0.00

[15:29:23] [SERIAL] Transmission mesure arrêtée
[15:29:23] [SERIAL] Liaison série ESP32 arrêtée
