[15:16:13] [LOGS] Initialisation des logs...[15:16:14] [OTHER] Nombre d'image : 3
[15:16:14] [OTHER] Configuration chargée
[15:16:14] [OTHER] Configuration chargée
[15:16:15] [SERIAL] Liaison série ESP32 démarrée
[15:16:16] [MYSQL] Connecté a la BDD MYSQL
[15:16:22] [CAMERA] [DISPLAY-IMAGE]Lancement de la capture d'image 
[15:16:22] [CAMERA] [MEMOIRE]Initialisation de la caméra...
[15:16:22] [CAMERA] [MEMOIRE]Initialisation de la caméra sans erreur.
[15:16:22] [CAMERA] [DISPLAY-IMAGE]Initialisation terminer
[15:16:22] [CAMERA] [DISPLAY-IMAGE]Capture en cours...
[15:16:22] [CAMERA] Bouton start retour cam introuvable !!!
[15:16:24] [CAMERA] [MEMOIRE]Restitution de la mémoire louée par la caméra en cours...
[15:16:24] [CAMERA] [MEMOIRE]Restitution de la mémoire effectuée sans erreur.
[15:16:26] [CAMERA] [SAVE-IMAGE]Lancement de l'enregristrement d'une image 
[15:16:26] [CAMERA] [MEMOIRE]Initialisation de la caméra...
[15:16:26] [CAMERA] [MEMOIRE]Initialisation de la caméra sans erreur.
[15:16:26] [CAMERA] [SAVE-IMAGE]Capture de l'image avec la mesure
[15:16:26] [CAMERA] [SAVE-IMAGE]Capture enregistrer de l'image dans /var/www/html//IMG//[22-03-2023--15-16-26] PORTANCE  TRAINEE .jpg
[15:16:26] [OTHER] Nombre d'image : 4
[15:16:29] [CAMERA] [DISPLAY-IMAGE]Lancement de la capture d'image 
[15:16:29] [CAMERA] [MEMOIRE]Initialisation de la caméra...
[15:16:29] [CAMERA] [MEMOIRE]Initialisation de la caméra sans erreur.
[15:16:29] [CAMERA] [DISPLAY-IMAGE]Initialisation terminer
[15:16:29] [CAMERA] [DISPLAY-IMAGE]Capture en cours...
[15:16:29] [CAMERA] Bouton start retour cam introuvable !!!
[15:16:37] [CAMERA] [SAVE-IMAGE]Lancement de l'enregristrement d'une image 
[15:16:37] [CAMERA] [MEMOIRE]Initialisation de la caméra...
[15:16:37] [CAMERA] [MEMOIRE]Initialisation de la caméra sans erreur.
[15:16:37] [CAMERA] [SAVE-IMAGE]Capture de l'image avec la mesure
[15:16:37] [CAMERA] [SAVE-IMAGE]Capture enregistrer de l'image dans /var/www/html//IMG//[22-03-2023--15-16-37] PORTANCE  TRAINEE .jpg
[15:16:37] [OTHER] Nombre d'image : 5
[15:16:43] [CAMERA] [SAVE-IMAGE]Lancement de l'enregristrement d'une image 
[15:16:43] [CAMERA] [MEMOIRE]Initialisation de la caméra...
[15:16:43] [CAMERA] [MEMOIRE]Initialisation de la caméra sans erreur.
[15:16:43] [CAMERA] [SAVE-IMAGE]Capture de l'image avec la mesure
[15:16:43] [CAMERA] [SAVE-IMAGE]Capture enregistrer de l'image dans /var/www/html//IMG//[22-03-2023--15-16-43] PORTANCE  TRAINEE .jpg
[15:16:43] [OTHER] Nombre d'image : 6
[15:18:06] [SERIAL] Liaison série ESP32 arrêtée
