[15:36:58] [LOGS] Initialisation des logs...[15:36:59] [OTHER] Configuration chargée
[15:36:59] [OTHER] Configuration chargée
[15:37:00] [SERIAL] Liaison série ESP32 démarrée
[15:37:01] [MYSQL] Connecté a la BDD MYSQL
[15:37:08] [SERIAL] Commande liaison série capteur reçue MSG DEMARRAGE TRANSMISSION MESURE AVEC 0.55 SECONDE(S) ENTRE CHAQUE MESURE (Portance maximum en g : 2; Trainee maximum en g : 2)

[15:37:10] [SERIAL] Commande liaison série capteur reçue PORTANCE 0.00 TRAINEE 0.00

[15:37:11] [CAMERA] [SAVE-VIDEO]Lancement de l'enregristrement de la vidéo 
[15:37:11] [CAMERA] [MEMOIRE]Initialisation de la caméra...
[15:37:11] [CAMERA] [MEMOIRE]Initialisation de la caméra sans erreur.
[15:37:11] [CAMERA] [SAVE-VIDEO]Initialisation terminer
[15:37:11] [CAMERA] [SAVE-VIDEO]Capture en cours...
[15:37:11] [SERIAL] Enregistrement mesure démarée
[15:37:12] [OTHER] Mémoire actuelle : 9174352 / 1 || TabVideo : 1/1
[15:37:12] [OTHER] Mémoire actuelle : 9481568 / 1 || TabVideo : 2/2
[15:37:12] [OTHER] Mémoire actuelle : 9788784 / 1 || TabVideo : 3/3
[15:37:12] [OTHER] Mémoire actuelle : 10096000 / 1 || TabVideo : 4/4
[15:37:12] [OTHER] Mémoire actuelle : 10403216 / 1 || TabVideo : 5/5
[15:37:12] [OTHER] Mémoire actuelle : 10710432 / 1 || TabVideo : 6/6
[15:37:12] [OTHER] Mémoire actuelle : 11017648 / 1 || TabVideo : 7/7
[15:37:12] [OTHER] Mémoire actuelle : 11324864 / 1 || TabVideo : 8/8
[15:37:12] [OTHER] Mémoire actuelle : 11632080 / 1 || TabVideo : 9/9
[15:37:12] [CAMERA] [VIDEO]0 : 307200
[15:37:12] [CAMERA] [VIDEO]1 : 307200
[15:37:12] [CAMERA] [VIDEO]2 : 307200
[15:37:12] [CAMERA] [VIDEO]3 : 307200
[15:37:12] [CAMERA] [VIDEO]4 : 307200
[15:37:12] [CAMERA] [VIDEO]5 : 307200
[15:37:12] [CAMERA] [VIDEO]6 : 307200
[15:37:12] [CAMERA] [VIDEO]7 : 307200
[15:37:12] [CAMERA] [VIDEO]8 : 307200
[15:37:12] [OTHER] Mémoire actuelle : 11939296 / 1 || TabVideo : 1/1
[15:37:12] [OTHER] Mémoire actuelle : 12246512 / 1 || TabVideo : 2/2
[15:37:12] [OTHER] Mémoire actuelle : 12553728 / 1 || TabVideo : 3/3
[15:37:12] [OTHER] Mémoire actuelle : 12860944 / 1 || TabVideo : 4/4
[15:37:12] [OTHER] Mémoire actuelle : 13168160 / 1 || TabVideo : 5/5
[15:37:12] [OTHER] Mémoire actuelle : 13475376 / 1 || TabVideo : 6/6
[15:37:12] [SERIAL] Commande liaison série capteur reçue PORTANCE 0.00 TRAINEE 0.00

[15:37:12] [OTHER] Mémoire actuelle : 13782696 / 1 || TabVideo : 7/7
[15:37:12] [OTHER] Mémoire actuelle : 14089912 / 1 || TabVideo : 8/8
[15:37:12] [OTHER] Mémoire actuelle : 14397128 / 1 || TabVideo : 9/9
[15:37:12] [CAMERA] [VIDEO]0 : 307200
[15:37:12] [CAMERA] [VIDEO]1 : 307200
[15:37:12] [CAMERA] [VIDEO]2 : 307200
[15:37:12] [CAMERA] [VIDEO]3 : 307200
[15:37:12] [CAMERA] [VIDEO]4 : 307200
[15:37:12] [CAMERA] [VIDEO]5 : 307200
[15:37:12] [CAMERA] [VIDEO]6 : 307200
[15:37:12] [CAMERA] [VIDEO]7 : 307200
[15:37:12] [CAMERA] [VIDEO]8 : 307200
[15:37:12] [OTHER] Mémoire actuelle : 14704344 / 1 || TabVideo : 1/1
[15:37:12] [OTHER] Mémoire actuelle : 15011560 / 1 || TabVideo : 2/2
[15:37:12] [OTHER] Mémoire actuelle : 15318776 / 1 || TabVideo : 3/3
[15:37:12] [OTHER] Mémoire actuelle : 15625992 / 1 || TabVideo : 4/4
[15:37:12] [OTHER] Mémoire actuelle : 15933208 / 1 || TabVideo : 5/5
[15:37:12] [OTHER] Mémoire actuelle : 16240424 / 1 || TabVideo : 6/6
[15:37:12] [OTHER] Mémoire actuelle : 16547640 / 1 || TabVideo : 7/7
[15:37:12] [OTHER] Mémoire actuelle : 16854856 / 1 || TabVideo : 8/8
[15:37:12] [OTHER] Mémoire actuelle : 17162072 / 1 || TabVideo : 9/9
[15:37:12] [CAMERA] [VIDEO]0 : 307200
[15:37:12] [CAMERA] [VIDEO]1 : 307200
[15:37:12] [CAMERA] [VIDEO]2 : 307200
[15:37:12] [CAMERA] [VIDEO]3 : 307200
[15:37:12] [CAMERA] [VIDEO]4 : 307200
[15:37:12] [CAMERA] [VIDEO]5 : 307200
[15:37:12] [CAMERA] [VIDEO]6 : 307200
[15:37:12] [CAMERA] [VIDEO]7 : 307200
[15:37:12] [CAMERA] [VIDEO]8 : 307200
[15:37:12] [OTHER] Mémoire actuelle : 17469288 / 1 || TabVideo : 1/1
[15:37:12] [OTHER] Mémoire actuelle : 17776504 / 1 || TabVideo : 2/2
[15:37:13] [OTHER] Mémoire actuelle : 18083720 / 1 || TabVideo : 3/3
[15:37:13] [OTHER] Mémoire actuelle : 18390936 / 1 || TabVideo : 4/4
[15:37:13] [OTHER] Mémoire actuelle : 18698152 / 1 || TabVideo : 5/5
[15:37:13] [OTHER] Mémoire actuelle : 19005368 / 1 || TabVideo : 6/6
[15:37:13] [OTHER] Mémoire actuelle : 19312584 / 1 || TabVideo : 7/7
[15:37:13] [OTHER] Mémoire actuelle : 19619800 / 1 || TabVideo : 8/8
[15:37:13] [OTHER] Mémoire actuelle : 19927016 / 1 || TabVideo : 9/9
[15:37:13] [CAMERA] [VIDEO]0 : 307200
[15:37:13] [CAMERA] [VIDEO]1 : 307200
[15:37:13] [CAMERA] [VIDEO]2 : 307200
[15:37:13] [CAMERA] [VIDEO]3 : 307200
[15:37:13] [CAMERA] [VIDEO]4 : 307200
[15:37:13] [CAMERA] [VIDEO]5 : 307200
[15:37:13] [CAMERA] [VIDEO]6 : 307200
[15:37:13] [CAMERA] [VIDEO]7 : 307200
[15:37:13] [CAMERA] [VIDEO]8 : 307200
[15:37:13] [OTHER] Mémoire actuelle : 20234232 / 1 || TabVideo : 1/1
[15:37:13] [OTHER] Mémoire actuelle : 20541448 / 1 || TabVideo : 2/2
[15:37:13] [OTHER] Mémoire actuelle : 20862328 / 1 || TabVideo : 3/3
[15:37:13] [OTHER] Mémoire actuelle : 7168616 / 1 || TabVideo : 4/4
[15:37:13] [OTHER] Mémoire actuelle : 7018704 / 1 || TabVideo : 5/5
[15:37:13] [OTHER] Mémoire actuelle : 7325920 / 1 || TabVideo : 6/6
[15:37:13] [OTHER] Mémoire actuelle : 7633136 / 1 || TabVideo : 7/7
[15:37:13] [OTHER] Mémoire actuelle : 7940352 / 1 || TabVideo : 8/8
[15:37:13] [OTHER] Mémoire actuelle : 8247568 / 1 || TabVideo : 9/9
[15:37:13] [CAMERA] [VIDEO]0 : 307200
[15:37:13] [CAMERA] [VIDEO]1 : 307200
[15:37:13] [CAMERA] [VIDEO]2 : 307200
[15:37:13] [CAMERA] [VIDEO]3 : 307200
[15:37:13] [CAMERA] [VIDEO]4 : 307200
[15:37:13] [CAMERA] [VIDEO]5 : 307200
[15:37:13] [CAMERA] [VIDEO]6 : 307200
[15:37:13] [CAMERA] [VIDEO]7 : 307200
[15:37:13] [CAMERA] [VIDEO]8 : 307200
[15:37:13] [OTHER] Mémoire actuelle : 8554784 / 1 || TabVideo : 1/1
[15:37:13] [OTHER] Mémoire actuelle : 8862000 / 1 || TabVideo : 2/2
[15:37:13] [OTHER] Mémoire actuelle : 9169216 / 1 || TabVideo : 3/3
[15:37:13] [OTHER] Mémoire actuelle : 9476432 / 1 || TabVideo : 4/4
[15:37:13] [OTHER] Mémoire actuelle : 9783648 / 1 || TabVideo : 5/5
[15:37:13] [OTHER] Mémoire actuelle : 10090864 / 1 || TabVideo : 6/6
[15:37:13] [OTHER] Mémoire actuelle : 10398080 / 1 || TabVideo : 7/7
[15:37:13] [OTHER] Mémoire actuelle : 10705296 / 1 || TabVideo : 8/8
[15:37:13] [OTHER] Mémoire actuelle : 11012512 / 1 || TabVideo : 9/9
[15:37:13] [CAMERA] [VIDEO]0 : 307200
[15:37:13] [CAMERA] [VIDEO]1 : 307200
[15:37:13] [CAMERA] [VIDEO]2 : 307200
[15:37:13] [CAMERA] [VIDEO]3 : 307200
[15:37:13] [CAMERA] [VIDEO]4 : 307200
[15:37:13] [CAMERA] [VIDEO]5 : 307200
[15:37:13] [CAMERA] [VIDEO]6 : 307200
[15:37:13] [CAMERA] [VIDEO]7 : 307200
[15:37:13] [CAMERA] [VIDEO]8 : 307200
[15:37:13] [OTHER] Mémoire actuelle : 11319728 / 1 || TabVideo : 1/1
[15:37:13] [OTHER] Mémoire actuelle : 11626944 / 1 || TabVideo : 2/2
[15:37:13] [OTHER] Mémoire actuelle : 11934160 / 1 || TabVideo : 3/3
[15:37:13] [OTHER] Mémoire actuelle : 12241376 / 1 || TabVideo : 4/4
[15:37:13] [OTHER] Mémoire actuelle : 12548592 / 1 || TabVideo : 5/5
[15:37:14] [OTHER] Mémoire actuelle : 12855808 / 1 || TabVideo : 6/6
[15:37:14] [OTHER] Mémoire actuelle : 13163024 / 1 || TabVideo : 7/7
[15:37:14] [OTHER] Mémoire actuelle : 13470240 / 1 || TabVideo : 8/8
[15:37:14] [OTHER] Mémoire actuelle : 13777456 / 1 || TabVideo : 9/9
[15:37:14] [CAMERA] [VIDEO]0 : 307200
[15:37:14] [CAMERA] [VIDEO]1 : 307200
[15:37:14] [CAMERA] [VIDEO]2 : 307200
[15:37:14] [CAMERA] [VIDEO]3 : 307200
[15:37:14] [CAMERA] [VIDEO]4 : 307200
[15:37:14] [CAMERA] [VIDEO]5 : 307200
[15:37:14] [CAMERA] [VIDEO]6 : 307200
[15:37:14] [CAMERA] [VIDEO]7 : 307200
[15:37:14] [CAMERA] [VIDEO]8 : 307200
[15:37:14] [OTHER] Mémoire actuelle : 14084672 / 1 || TabVideo : 1/1
[15:37:14] [OTHER] Mémoire actuelle : 14391888 / 1 || TabVideo : 2/2
[15:37:14] [OTHER] Mémoire actuelle : 14699104 / 1 || TabVideo : 3/3
[15:37:14] [OTHER] Mémoire actuelle : 15006320 / 1 || TabVideo : 4/4
[15:37:14] [OTHER] Mémoire actuelle : 15313536 / 1 || TabVideo : 5/5
[15:37:14] [OTHER] Mémoire actuelle : 15620752 / 1 || TabVideo : 6/6
[15:37:14] [OTHER] Mémoire actuelle : 15927968 / 1 || TabVideo : 7/7
[15:37:14] [OTHER] Mémoire actuelle : 16235184 / 1 || TabVideo : 8/8
[15:37:14] [OTHER] Mémoire actuelle : 16542400 / 1 || TabVideo : 9/9
[15:37:14] [CAMERA] [VIDEO]0 : 307200
[15:37:14] [CAMERA] [VIDEO]1 : 307200
[15:37:14] [CAMERA] [VIDEO]2 : 307200
[15:37:14] [CAMERA] [VIDEO]3 : 307200
[15:37:14] [CAMERA] [VIDEO]4 : 307200
[15:37:14] [CAMERA] [VIDEO]5 : 307200
[15:37:14] [CAMERA] [VIDEO]6 : 307200
[15:37:14] [CAMERA] [VIDEO]7 : 307200
[15:37:14] [CAMERA] [VIDEO]8 : 307200
[15:37:14] [OTHER] Mémoire actuelle : 16849616 / 1 || TabVideo : 1/1
[15:37:14] [OTHER] Mémoire actuelle : 17156832 / 1 || TabVideo : 2/2
[15:37:14] [OTHER] Mémoire actuelle : 17464048 / 1 || TabVideo : 3/3
[15:37:14] [OTHER] Mémoire actuelle : 17771264 / 1 || TabVideo : 4/4
[15:37:14] [OTHER] Mémoire actuelle : 18078480 / 1 || TabVideo : 5/5
[15:37:14] [OTHER] Mémoire actuelle : 18385696 / 1 || TabVideo : 6/6
[15:37:14] [SERIAL] Commande liaison série capteur reçue PORTANCE 0.00 TRAINEE 0.00

[15:37:14] [OTHER] Mémoire actuelle : 18692912 / 1 || TabVideo : 7/7
[15:37:14] [OTHER] Mémoire actuelle : 19000128 / 1 || TabVideo : 8/8
[15:37:14] [OTHER] Mémoire actuelle : 19307344 / 1 || TabVideo : 9/9
[15:37:14] [CAMERA] [VIDEO]0 : 307200
[15:37:14] [CAMERA] [VIDEO]1 : 307200
[15:37:14] [CAMERA] [VIDEO]2 : 307200
[15:37:14] [CAMERA] [VIDEO]3 : 307200
[15:37:14] [CAMERA] [VIDEO]4 : 307200
[15:37:14] [CAMERA] [VIDEO]5 : 307200
[15:37:14] [CAMERA] [VIDEO]6 : 307200
[15:37:14] [CAMERA] [VIDEO]7 : 307200
[15:37:14] [CAMERA] [VIDEO]8 : 307200
[15:37:14] [OTHER] Mémoire actuelle : 19614560 / 1 || TabVideo : 1/1
[15:37:14] [OTHER] Mémoire actuelle : 19921776 / 1 || TabVideo : 2/2
[15:37:14] [OTHER] Mémoire actuelle : 20228992 / 1 || TabVideo : 3/3
[15:37:14] [OTHER] Mémoire actuelle : 20536208 / 1 || TabVideo : 4/4
[15:37:14] [OTHER] Mémoire actuelle : 20843424 / 1 || TabVideo : 5/5
[15:37:14] [OTHER] Mémoire actuelle : 21150640 / 1 || TabVideo : 6/6
[15:37:14] [OTHER] Mémoire actuelle : 21457856 / 1 || TabVideo : 7/7
[15:37:14] [OTHER] Mémoire actuelle : 21765072 / 1 || TabVideo : 8/8
[15:37:15] [OTHER] Mémoire actuelle : 22072288 / 1 || TabVideo : 9/9
[15:37:15] [CAMERA] [VIDEO]0 : 307200
[15:37:15] [CAMERA] [VIDEO]1 : 307200
[15:37:15] [CAMERA] [VIDEO]2 : 307200
[15:37:15] [CAMERA] [VIDEO]3 : 307200
[15:37:15] [CAMERA] [VIDEO]4 : 307200
[15:37:15] [CAMERA] [VIDEO]5 : 307200
[15:37:15] [CAMERA] [VIDEO]6 : 307200
[15:37:15] [CAMERA] [VIDEO]7 : 307200
[15:37:15] [CAMERA] [VIDEO]8 : 307200
[15:37:15] [OTHER] Mémoire actuelle : 22379504 / 1 || TabVideo : 1/1
[15:37:15] [OTHER] Mémoire actuelle : 22686720 / 1 || TabVideo : 2/2
[15:37:15] [OTHER] Mémoire actuelle : 22993936 / 1 || TabVideo : 3/3
[15:37:15] [OTHER] Mémoire actuelle : 23301152 / 1 || TabVideo : 4/4
[15:37:15] [OTHER] Mémoire actuelle : 23614632 / 1 || TabVideo : 5/5
[15:37:15] [OTHER] Mémoire actuelle : 7324256 / 1 || TabVideo : 6/6
[15:37:15] [OTHER] Mémoire actuelle : 7631472 / 1 || TabVideo : 7/7
[15:37:15] [OTHER] Mémoire actuelle : 7938688 / 1 || TabVideo : 8/8
[15:37:15] [OTHER] Mémoire actuelle : 8245904 / 1 || TabVideo : 9/9
[15:37:15] [CAMERA] [VIDEO]0 : 307200
[15:37:15] [CAMERA] [VIDEO]1 : 307200
[15:37:15] [CAMERA] [VIDEO]2 : 307200
[15:37:15] [CAMERA] [VIDEO]3 : 307200
[15:37:15] [CAMERA] [VIDEO]4 : 307200
[15:37:15] [CAMERA] [VIDEO]5 : 307200
[15:37:15] [CAMERA] [VIDEO]6 : 307200
[15:37:15] [CAMERA] [VIDEO]7 : 307200
[15:37:15] [CAMERA] [VIDEO]8 : 307200
[15:37:15] [OTHER] Mémoire actuelle : 8553120 / 1 || TabVideo : 1/1
[15:37:15] [OTHER] Mémoire actuelle : 8860336 / 1 || TabVideo : 2/2
[15:37:15] [OTHER] Mémoire actuelle : 9167552 / 1 || TabVideo : 3/3
[15:37:15] [OTHER] Mémoire actuelle : 9474768 / 1 || TabVideo : 4/4
[15:37:15] [OTHER] Mémoire actuelle : 9781984 / 1 || TabVideo : 5/5
[15:37:15] [OTHER] Mémoire actuelle : 10089200 / 1 || TabVideo : 6/6
[15:37:15] [OTHER] Mémoire actuelle : 10396416 / 1 || TabVideo : 7/7
[15:37:15] [OTHER] Mémoire actuelle : 10703632 / 1 || TabVideo : 8/8
[15:37:15] [OTHER] Mémoire actuelle : 11010848 / 1 || TabVideo : 9/9
[15:37:15] [CAMERA] [VIDEO]0 : 307200
[15:37:15] [CAMERA] [VIDEO]1 : 307200
[15:37:15] [CAMERA] [VIDEO]2 : 307200
[15:37:15] [CAMERA] [VIDEO]3 : 307200
[15:37:15] [CAMERA] [VIDEO]4 : 307200
[15:37:15] [CAMERA] [VIDEO]5 : 307200
[15:37:15] [CAMERA] [VIDEO]6 : 307200
[15:37:15] [CAMERA] [VIDEO]7 : 307200
[15:37:15] [CAMERA] [VIDEO]8 : 307200
[15:37:15] [OTHER] Mémoire actuelle : 11318064 / 1 || TabVideo : 1/1
[15:37:15] [OTHER] Mémoire actuelle : 11625280 / 1 || TabVideo : 2/2
[15:37:15] [OTHER] Mémoire actuelle : 11932496 / 1 || TabVideo : 3/3
[15:37:15] [OTHER] Mémoire actuelle : 12239712 / 1 || TabVideo : 4/4
[15:37:15] [OTHER] Mémoire actuelle : 12546928 / 1 || TabVideo : 5/5
[15:37:15] [OTHER] Mémoire actuelle : 12854144 / 1 || TabVideo : 6/6
[15:37:15] [OTHER] Mémoire actuelle : 13161360 / 1 || TabVideo : 7/7
[15:37:15] [OTHER] Mémoire actuelle : 13468576 / 1 || TabVideo : 8/8
[15:37:15] [OTHER] Mémoire actuelle : 13775792 / 1 || TabVideo : 9/9
[15:37:15] [CAMERA] [VIDEO]0 : 307200
[15:37:15] [CAMERA] [VIDEO]1 : 307200
[15:37:15] [CAMERA] [VIDEO]2 : 307200
[15:37:15] [CAMERA] [VIDEO]3 : 307200
[15:37:15] [CAMERA] [VIDEO]4 : 307200
[15:37:15] [CAMERA] [VIDEO]5 : 307200
[15:37:15] [CAMERA] [VIDEO]6 : 307200
[15:37:15] [CAMERA] [VIDEO]7 : 307200
[15:37:15] [CAMERA] [VIDEO]8 : 307200
[15:37:15] [OTHER] Mémoire actuelle : 14083008 / 1 || TabVideo : 1/1
[15:37:15] [OTHER] Mémoire actuelle : 14390224 / 1 || TabVideo : 2/2
[15:37:16] [OTHER] Mémoire actuelle : 14697440 / 1 || TabVideo : 3/3
[15:37:16] [OTHER] Mémoire actuelle : 15004656 / 1 || TabVideo : 4/4
[15:37:16] [OTHER] Mémoire actuelle : 15311872 / 1 || TabVideo : 5/5
[15:37:16] [OTHER] Mémoire actuelle : 15619088 / 1 || TabVideo : 6/6
[15:37:16] [OTHER] Mémoire actuelle : 15926304 / 1 || TabVideo : 7/7
[15:37:16] [OTHER] Mémoire actuelle : 16233520 / 1 || TabVideo : 8/8
[15:37:16] [OTHER] Mémoire actuelle : 16540736 / 1 || TabVideo : 9/9
[15:37:16] [CAMERA] [VIDEO]0 : 307200
[15:37:16] [CAMERA] [VIDEO]1 : 307200
[15:37:16] [CAMERA] [VIDEO]2 : 307200
[15:37:16] [CAMERA] [VIDEO]3 : 307200
[15:37:16] [CAMERA] [VIDEO]4 : 307200
[15:37:16] [CAMERA] [VIDEO]5 : 307200
[15:37:16] [CAMERA] [VIDEO]6 : 307200
[15:37:16] [CAMERA] [VIDEO]7 : 307200
[15:37:16] [CAMERA] [VIDEO]8 : 307200
[15:37:16] [OTHER] Mémoire actuelle : 16847952 / 1 || TabVideo : 1/1
[15:37:16] [OTHER] Mémoire actuelle : 17155168 / 1 || TabVideo : 2/2
[15:37:16] [OTHER] Mémoire actuelle : 17462384 / 1 || TabVideo : 3/3
[15:37:16] [OTHER] Mémoire actuelle : 17769600 / 1 || TabVideo : 4/4
[15:37:16] [OTHER] Mémoire actuelle : 18076816 / 1 || TabVideo : 5/5
[15:37:16] [OTHER] Mémoire actuelle : 18384032 / 1 || TabVideo : 6/6
[15:37:16] [OTHER] Mémoire actuelle : 18691248 / 1 || TabVideo : 7/7
[15:37:16] [OTHER] Mémoire actuelle : 18998464 / 1 || TabVideo : 8/8
[15:37:16] [OTHER] Mémoire actuelle : 19305680 / 1 || TabVideo : 9/9
[15:37:16] [CAMERA] [VIDEO]0 : 307200
[15:37:16] [CAMERA] [VIDEO]1 : 307200
[15:37:16] [CAMERA] [VIDEO]2 : 307200
[15:37:16] [CAMERA] [VIDEO]3 : 307200
[15:37:16] [CAMERA] [VIDEO]4 : 307200
[15:37:16] [CAMERA] [VIDEO]5 : 307200
[15:37:16] [CAMERA] [VIDEO]6 : 307200
[15:37:16] [CAMERA] [VIDEO]7 : 307200
[15:37:16] [CAMERA] [VIDEO]8 : 307200
[15:37:16] [OTHER] Mémoire actuelle : 19612896 / 1 || TabVideo : 1/1
[15:37:16] [OTHER] Mémoire actuelle : 19920112 / 1 || TabVideo : 2/2
[15:37:16] [OTHER] Mémoire actuelle : 20227328 / 1 || TabVideo : 3/3
[15:37:16] [OTHER] Mémoire actuelle : 20534544 / 1 || TabVideo : 4/4
[15:37:16] [OTHER] Mémoire actuelle : 20841760 / 1 || TabVideo : 5/5
[15:37:16] [OTHER] Mémoire actuelle : 21148976 / 1 || TabVideo : 6/6
[15:37:16] [SERIAL] Commande liaison série capteur reçue PORTANCE 0.00 TRAINEE 0.00

[15:37:16] [OTHER] Mémoire actuelle : 21456192 / 1 || TabVideo : 7/7
[15:37:16] [OTHER] Mémoire actuelle : 21763408 / 1 || TabVideo : 8/8
[15:37:16] [OTHER] Mémoire actuelle : 22070624 / 1 || TabVideo : 9/9
[15:37:16] [CAMERA] [VIDEO]0 : 307200
[15:37:16] [CAMERA] [VIDEO]1 : 307200
[15:37:16] [CAMERA] [VIDEO]2 : 307200
[15:37:16] [CAMERA] [VIDEO]3 : 307200
[15:37:16] [CAMERA] [VIDEO]4 : 307200
[15:37:16] [CAMERA] [VIDEO]5 : 307200
[15:37:16] [CAMERA] [VIDEO]6 : 307200
[15:37:16] [CAMERA] [VIDEO]7 : 307200
[15:37:16] [CAMERA] [VIDEO]8 : 307200
[15:37:16] [OTHER] Mémoire actuelle : 22377840 / 1 || TabVideo : 1/1
[15:37:16] [OTHER] Mémoire actuelle : 22685056 / 1 || TabVideo : 2/2
[15:37:16] [OTHER] Mémoire actuelle : 22992272 / 1 || TabVideo : 3/3
[15:37:16] [OTHER] Mémoire actuelle : 23299488 / 1 || TabVideo : 4/4
[15:37:16] [OTHER] Mémoire actuelle : 23606704 / 1 || TabVideo : 5/5
[15:37:16] [OTHER] Mémoire actuelle : 23913920 / 1 || TabVideo : 6/6
[15:37:17] [OTHER] Mémoire actuelle : 24227376 / 1 || TabVideo : 7/7
[15:37:17] [OTHER] Mémoire actuelle : 7938688 / 1 || TabVideo : 8/8
[15:37:17] [OTHER] Mémoire actuelle : 8245904 / 1 || TabVideo : 9/9
[15:37:17] [CAMERA] [VIDEO]0 : 307200
[15:37:17] [CAMERA] [VIDEO]1 : 307200
[15:37:17] [CAMERA] [VIDEO]2 : 307200
[15:37:17] [CAMERA] [VIDEO]3 : 307200
[15:37:17] [CAMERA] [VIDEO]4 : 307200
[15:37:17] [CAMERA] [VIDEO]5 : 307200
[15:37:17] [CAMERA] [VIDEO]6 : 307200
[15:37:17] [CAMERA] [VIDEO]7 : 307200
[15:37:17] [CAMERA] [VIDEO]8 : 307200
[15:37:17] [OTHER] Mémoire actuelle : 8553120 / 1 || TabVideo : 1/1
[15:37:17] [OTHER] Mémoire actuelle : 8860336 / 1 || TabVideo : 2/2
[15:37:17] [OTHER] Mémoire actuelle : 9167552 / 1 || TabVideo : 3/3
[15:37:17] [CAMERA] [SAVE-VIDEO]Lancement de l'enregristrement de la vidéo 
[15:37:17] [CAMERA] [MEMOIRE]Restitution de la mémoire louée par la caméra en cours...
[15:37:17] [CAMERA] [MEMOIRE]Restitution de la mémoire effectuée sans erreur.
[15:37:17] [CAMERA] [SAVE-VIDEO]Enregistrement des bits en cours...
[15:37:17] [CAMERA] [VIDEO]0 : 307200
[15:37:17] [CAMERA] [VIDEO]1 : 307200
[15:37:17] [CAMERA] [VIDEO]2 : 307200
[15:37:17] [OTHER] Mémoire actuelle : 9168320 / 1 || TabVideo : 0
[15:37:17] [CAMERA] [SAVE-VIDEO]Capture enregistrer de la vidéo dans /var/www/html//VIDEO/22032023_153711/[22-03-2023--15-37-11].h264 : zqdqzdqz : 0
[15:37:17] [SERIAL] Enregistrement mesure arrêtée
[15:37:18] [DEBUG] Message affiché : Transmission de la session numéro 61 bien effectuée.
[15:37:18] [SERIAL] Commande liaison série capteur reçue PORTANCE 0.00 TRAINEE 0.00

[15:37:20] [SERIAL] Commande liaison série capteur reçue PORTANCE 0.00 TRAINEE 0.00

[15:37:23] [SERIAL] Commande liaison série capteur reçue PORTANCE 0.00 TRAINEE 0.00

[15:37:25] [SERIAL] Commande liaison série capteur reçue PORTANCE 0.00 TRAINEE 0.00

[15:37:27] [SERIAL] Commande liaison série capteur reçue PORTANCE 0.00 TRAINEE 0.00

[15:37:29] [SERIAL] Commande liaison série capteur reçue PORTANCE 0.00 TRAINEE 0.00

[15:37:31] [SERIAL] Commande liaison série capteur reçue PORTANCE 0.00 TRAINEE 0.00

[15:37:33] [SERIAL] Commande liaison série capteur reçue PORTANCE 0.00 TRAINEE 0.00

[15:37:35] [SERIAL] Commande liaison série capteur reçue PORTANCE 0.00 TRAINEE 0.00

[15:37:37] [SERIAL] Commande liaison série capteur reçue PORTANCE 0.00 TRAINEE 0.00

[15:37:39] [SERIAL] Commande liaison série capteur reçue PORTANCE 0.00 TRAINEE 0.00

[15:37:41] [SERIAL] Commande liaison série capteur reçue PORTANCE 0.00 TRAINEE 0.10

[15:37:43] [SERIAL] Commande liaison série capteur reçue PORTANCE 0.00 TRAINEE 0.00

[15:37:45] [SERIAL] Commande liaison série capteur reçue PORTANCE 0.00 TRAINEE 0.00

[15:37:48] [SERIAL] Commande liaison série capteur reçue PORTANCE 0.10 TRAINEE 0.00

[15:37:50] [SERIAL] Commande liaison série capteur reçue PORTANCE 0.00 TRAINEE 0.00

[15:37:51] [CAMERA] [SAVE-VIDEO]Lancement de l'enregristrement de la vidéo 
[15:37:51] [CAMERA] [MEMOIRE]Initialisation de la caméra...
[15:37:51] [CAMERA] [MEMOIRE]Initialisation de la caméra sans erreur.
[15:37:51] [CAMERA] [SAVE-VIDEO]Initialisation terminer
[15:37:51] [CAMERA] [SAVE-VIDEO]Capture en cours...
[15:37:51] [SERIAL] Enregistrement mesure démarée
[15:37:52] [OTHER] Mémoire actuelle : 9803432 / 1 || TabVideo : 1/4
[15:37:52] [SERIAL] Commande liaison série capteur reçue PORTANCE 0.00 TRAINEE 0.00

[15:37:52] [OTHER] Mémoire actuelle : 10110648 / 1 || TabVideo : 2/5
[15:37:52] [OTHER] Mémoire actuelle : 10417864 / 1 || TabVideo : 3/6
[15:37:52] [OTHER] Mémoire actuelle : 10725080 / 1 || TabVideo : 4/7
[15:37:52] [OTHER] Mémoire actuelle : 11032296 / 1 || TabVideo : 5/8
[15:37:52] [OTHER] Mémoire actuelle : 11339512 / 1 || TabVideo : 6/9
[15:37:52] [CAMERA] [VIDEO]0 : 307200
[15:37:52] [CAMERA] [VIDEO]1 : 307200
[15:37:52] [CAMERA] [VIDEO]2 : 307200
[15:37:52] [CAMERA] [VIDEO]3 : 307200
[15:37:52] [CAMERA] [VIDEO]4 : 307200
[15:37:52] [CAMERA] [VIDEO]5 : 307200
[15:37:52] [OTHER] Mémoire actuelle : 11646728 / 1 || TabVideo : 1/1
[15:37:52] [OTHER] Mémoire actuelle : 11953944 / 1 || TabVideo : 2/2
[15:37:52] [OTHER] Mémoire actuelle : 12261160 / 1 || TabVideo : 3/3
[15:37:52] [OTHER] Mémoire actuelle : 12568376 / 1 || TabVideo : 4/4
[15:37:52] [OTHER] Mémoire actuelle : 12875592 / 1 || TabVideo : 5/5
[15:37:52] [OTHER] Mémoire actuelle : 13182808 / 1 || TabVideo : 6/6
[15:37:52] [OTHER] Mémoire actuelle : 13490024 / 1 || TabVideo : 7/7
[15:37:52] [OTHER] Mémoire actuelle : 13797240 / 1 || TabVideo : 8/8
[15:37:52] [OTHER] Mémoire actuelle : 14104456 / 1 || TabVideo : 9/9
[15:37:52] [CAMERA] [VIDEO]0 : 307200
[15:37:52] [CAMERA] [VIDEO]1 : 307200
[15:37:52] [CAMERA] [VIDEO]2 : 307200
[15:37:52] [CAMERA] [VIDEO]3 : 307200
[15:37:52] [CAMERA] [VIDEO]4 : 307200
[15:37:52] [CAMERA] [VIDEO]5 : 307200
[15:37:52] [CAMERA] [VIDEO]6 : 307200
[15:37:52] [CAMERA] [VIDEO]7 : 307200
[15:37:52] [CAMERA] [VIDEO]8 : 307200
[15:37:52] [OTHER] Mémoire actuelle : 14411672 / 1 || TabVideo : 1/1
[15:37:52] [OTHER] Mémoire actuelle : 14718888 / 1 || TabVideo : 2/2
[15:37:52] [OTHER] Mémoire actuelle : 15026104 / 1 || TabVideo : 3/3
[15:37:52] [OTHER] Mémoire actuelle : 15333320 / 1 || TabVideo : 4/4
[15:37:52] [OTHER] Mémoire actuelle : 15640536 / 1 || TabVideo : 5/5
[15:37:52] [OTHER] Mémoire actuelle : 15947752 / 1 || TabVideo : 6/6
[15:37:52] [OTHER] Mémoire actuelle : 16254968 / 1 || TabVideo : 7/7
[15:37:52] [OTHER] Mémoire actuelle : 16562184 / 1 || TabVideo : 8/8
[15:37:52] [OTHER] Mémoire actuelle : 16869400 / 1 || TabVideo : 9/9
[15:37:52] [CAMERA] [VIDEO]0 : 307200
[15:37:52] [CAMERA] [VIDEO]1 : 307200
[15:37:52] [CAMERA] [VIDEO]2 : 307200
[15:37:52] [CAMERA] [VIDEO]3 : 307200
[15:37:52] [CAMERA] [VIDEO]4 : 307200
[15:37:52] [CAMERA] [VIDEO]5 : 307200
[15:37:52] [CAMERA] [VIDEO]6 : 307200
[15:37:52] [CAMERA] [VIDEO]7 : 307200
[15:37:52] [CAMERA] [VIDEO]8 : 307200
[15:37:52] [OTHER] Mémoire actuelle : 17176616 / 1 || TabVideo : 1/1
[15:37:52] [OTHER] Mémoire actuelle : 17483832 / 1 || TabVideo : 2/2
[15:37:52] [OTHER] Mémoire actuelle : 17791048 / 1 || TabVideo : 3/3
[15:37:53] [OTHER] Mémoire actuelle : 18098264 / 1 || TabVideo : 4/4
[15:37:53] [OTHER] Mémoire actuelle : 18405480 / 1 || TabVideo : 5/5
[15:37:53] [OTHER] Mémoire actuelle : 18712696 / 1 || TabVideo : 6/6
[15:37:53] [OTHER] Mémoire actuelle : 19019912 / 1 || TabVideo : 7/7
[15:37:53] [OTHER] Mémoire actuelle : 19327128 / 1 || TabVideo : 8/8
[15:37:53] [OTHER] Mémoire actuelle : 19634344 / 1 || TabVideo : 9/9
[15:37:53] [CAMERA] [VIDEO]0 : 307200
[15:37:53] [CAMERA] [VIDEO]1 : 307200
[15:37:53] [CAMERA] [VIDEO]2 : 307200
[15:37:53] [CAMERA] [VIDEO]3 : 307200
[15:37:53] [CAMERA] [VIDEO]4 : 307200
[15:37:53] [CAMERA] [VIDEO]5 : 307200
[15:37:53] [CAMERA] [VIDEO]6 : 307200
[15:37:53] [CAMERA] [VIDEO]7 : 307200
[15:37:53] [CAMERA] [VIDEO]8 : 307200
[15:37:53] [OTHER] Mémoire actuelle : 19941560 / 1 || TabVideo : 1/1
[15:37:53] [OTHER] Mémoire actuelle : 20248776 / 1 || TabVideo : 2/2
[15:37:53] [OTHER] Mémoire actuelle : 20555992 / 1 || TabVideo : 3/3
[15:37:53] [OTHER] Mémoire actuelle : 20863208 / 1 || TabVideo : 4/4
[15:37:53] [OTHER] Mémoire actuelle : 21170424 / 1 || TabVideo : 5/5
[15:37:53] [OTHER] Mémoire actuelle : 21477640 / 1 || TabVideo : 6/6
[15:37:53] [OTHER] Mémoire actuelle : 21784856 / 1 || TabVideo : 7/7
[15:37:53] [OTHER] Mémoire actuelle : 22092072 / 1 || TabVideo : 8/8
[15:37:53] [OTHER] Mémoire actuelle : 22399288 / 1 || TabVideo : 9/9
[15:37:53] [CAMERA] [VIDEO]0 : 307200
[15:37:53] [CAMERA] [VIDEO]1 : 307200
[15:37:53] [CAMERA] [VIDEO]2 : 307200
[15:37:53] [CAMERA] [VIDEO]3 : 307200
[15:37:53] [CAMERA] [VIDEO]4 : 307200
[15:37:53] [CAMERA] [VIDEO]5 : 307200
[15:37:53] [CAMERA] [VIDEO]6 : 307200
[15:37:53] [CAMERA] [VIDEO]7 : 307200
[15:37:53] [CAMERA] [VIDEO]8 : 307200
[15:37:53] [OTHER] Mémoire actuelle : 22706504 / 1 || TabVideo : 1/1
[15:37:53] [OTHER] Mémoire actuelle : 23013720 / 1 || TabVideo : 2/2
[15:37:53] [OTHER] Mémoire actuelle : 23320936 / 1 || TabVideo : 3/3
[15:37:53] [OTHER] Mémoire actuelle : 23628152 / 1 || TabVideo : 4/4
[15:37:53] [OTHER] Mémoire actuelle : 23935368 / 1 || TabVideo : 5/5
[15:37:53] [OTHER] Mémoire actuelle : 24242584 / 1 || TabVideo : 6/6
[15:37:53] [OTHER] Mémoire actuelle : 24549800 / 1 || TabVideo : 7/7
[15:37:53] [OTHER] Mémoire actuelle : 24897664 / 1 || TabVideo : 8/8
[15:37:53] [OTHER] Mémoire actuelle : 8296320 / 1 || TabVideo : 9/9
[15:37:53] [CAMERA] [VIDEO]0 : 307200
[15:37:53] [CAMERA] [VIDEO]1 : 307200
[15:37:53] [CAMERA] [VIDEO]2 : 307200
[15:37:53] [CAMERA] [VIDEO]3 : 307200
[15:37:53] [CAMERA] [VIDEO]4 : 307200
[15:37:53] [CAMERA] [VIDEO]5 : 307200
[15:37:53] [CAMERA] [VIDEO]6 : 307200
[15:37:53] [CAMERA] [VIDEO]7 : 307200
[15:37:53] [CAMERA] [VIDEO]8 : 307200
[15:37:53] [OTHER] Mémoire actuelle : 8596416 / 1 || TabVideo : 1/1
[15:37:53] [OTHER] Mémoire actuelle : 8903632 / 1 || TabVideo : 2/2
[15:37:53] [OTHER] Mémoire actuelle : 9210848 / 1 || TabVideo : 3/3
[15:37:53] [OTHER] Mémoire actuelle : 9518064 / 1 || TabVideo : 4/4
[15:37:53] [OTHER] Mémoire actuelle : 9825280 / 1 || TabVideo : 5/5
[15:37:53] [OTHER] Mémoire actuelle : 10132496 / 1 || TabVideo : 6/6
[15:37:54] [OTHER] Mémoire actuelle : 10439712 / 1 || TabVideo : 7/7
[15:37:54] [OTHER] Mémoire actuelle : 10746928 / 1 || TabVideo : 8/8
[15:37:54] [OTHER] Mémoire actuelle : 11054144 / 1 || TabVideo : 9/9
[15:37:54] [CAMERA] [VIDEO]0 : 307200
[15:37:54] [CAMERA] [VIDEO]1 : 307200
[15:37:54] [CAMERA] [VIDEO]2 : 307200
[15:37:54] [CAMERA] [VIDEO]3 : 307200
[15:37:54] [CAMERA] [VIDEO]4 : 307200
[15:37:54] [CAMERA] [VIDEO]5 : 307200
[15:37:54] [CAMERA] [VIDEO]6 : 307200
[15:37:54] [CAMERA] [VIDEO]7 : 307200
[15:37:54] [CAMERA] [VIDEO]8 : 307200
[15:37:54] [OTHER] Mémoire actuelle : 11361360 / 1 || TabVideo : 1/1
[15:37:54] [OTHER] Mémoire actuelle : 11668576 / 1 || TabVideo : 2/2
[15:37:54] [OTHER] Mémoire actuelle : 11975792 / 1 || TabVideo : 3/3
[15:37:54] [OTHER] Mémoire actuelle : 12283008 / 1 || TabVideo : 4/4
[15:37:54] [SERIAL] Commande liaison série capteur reçue PORTANCE 0.00 TRAINEE 0.00

[15:37:54] [OTHER] Mémoire actuelle : 12590224 / 1 || TabVideo : 5/5
[15:37:54] [OTHER] Mémoire actuelle : 12897440 / 1 || TabVideo : 6/6
[15:37:54] [OTHER] Mémoire actuelle : 13204656 / 1 || TabVideo : 7/7
[15:37:54] [OTHER] Mémoire actuelle : 13511872 / 1 || TabVideo : 8/8
[15:37:54] [OTHER] Mémoire actuelle : 13819088 / 1 || TabVideo : 9/9
[15:37:54] [CAMERA] [VIDEO]0 : 307200
[15:37:54] [CAMERA] [VIDEO]1 : 307200
[15:37:54] [CAMERA] [VIDEO]2 : 307200
[15:37:54] [CAMERA] [VIDEO]3 : 307200
[15:37:54] [CAMERA] [VIDEO]4 : 307200
[15:37:54] [CAMERA] [VIDEO]5 : 307200
[15:37:54] [CAMERA] [VIDEO]6 : 307200
[15:37:54] [CAMERA] [VIDEO]7 : 307200
[15:37:54] [CAMERA] [VIDEO]8 : 307200
[15:37:54] [OTHER] Mémoire actuelle : 14126304 / 1 || TabVideo : 1/1
[15:37:54] [OTHER] Mémoire actuelle : 14433520 / 1 || TabVideo : 2/2
[15:37:54] [OTHER] Mémoire actuelle : 14740736 / 1 || TabVideo : 3/3
[15:37:54] [OTHER] Mémoire actuelle : 15047952 / 1 || TabVideo : 4/4
[15:37:54] [OTHER] Mémoire actuelle : 15355168 / 1 || TabVideo : 5/5
[15:37:54] [OTHER] Mémoire actuelle : 15662384 / 1 || TabVideo : 6/6
[15:37:54] [OTHER] Mémoire actuelle : 15969600 / 1 || TabVideo : 7/7
[15:37:54] [OTHER] Mémoire actuelle : 16276816 / 1 || TabVideo : 8/8
[15:37:54] [OTHER] Mémoire actuelle : 16584032 / 1 || TabVideo : 9/9
[15:37:54] [CAMERA] [VIDEO]0 : 307200
[15:37:54] [CAMERA] [VIDEO]1 : 307200
[15:37:54] [CAMERA] [VIDEO]2 : 307200
[15:37:54] [CAMERA] [VIDEO]3 : 307200
[15:37:54] [CAMERA] [VIDEO]4 : 307200
[15:37:54] [CAMERA] [VIDEO]5 : 307200
[15:37:54] [CAMERA] [VIDEO]6 : 307200
[15:37:54] [CAMERA] [VIDEO]7 : 307200
[15:37:54] [CAMERA] [VIDEO]8 : 307200
[15:37:54] [OTHER] Mémoire actuelle : 16891248 / 1 || TabVideo : 1/1
[15:37:54] [OTHER] Mémoire actuelle : 17198464 / 1 || TabVideo : 2/2
[15:37:54] [OTHER] Mémoire actuelle : 17505680 / 1 || TabVideo : 3/3
[15:37:54] [OTHER] Mémoire actuelle : 17812896 / 1 || TabVideo : 4/4
[15:37:54] [OTHER] Mémoire actuelle : 18120112 / 1 || TabVideo : 5/5
[15:37:54] [OTHER] Mémoire actuelle : 18427328 / 1 || TabVideo : 6/6
[15:37:54] [OTHER] Mémoire actuelle : 18734544 / 1 || TabVideo : 7/7
[15:37:54] [OTHER] Mémoire actuelle : 19041760 / 1 || TabVideo : 8/8
[15:37:54] [OTHER] Mémoire actuelle : 19348976 / 1 || TabVideo : 9/9
[15:37:55] [CAMERA] [VIDEO]0 : 307200
[15:37:55] [CAMERA] [VIDEO]1 : 307200
[15:37:55] [CAMERA] [VIDEO]2 : 307200
[15:37:55] [CAMERA] [VIDEO]3 : 307200
[15:37:55] [CAMERA] [VIDEO]4 : 307200
[15:37:55] [CAMERA] [VIDEO]5 : 307200
[15:37:55] [CAMERA] [VIDEO]6 : 307200
[15:37:55] [CAMERA] [VIDEO]7 : 307200
[15:37:55] [CAMERA] [VIDEO]8 : 307200
[15:37:55] [OTHER] Mémoire actuelle : 19656192 / 1 || TabVideo : 1/1
[15:37:55] [OTHER] Mémoire actuelle : 19963408 / 1 || TabVideo : 2/2
[15:37:55] [OTHER] Mémoire actuelle : 20270624 / 1 || TabVideo : 3/3
[15:37:55] [OTHER] Mémoire actuelle : 20577840 / 1 || TabVideo : 4/4
[15:37:55] [OTHER] Mémoire actuelle : 20885056 / 1 || TabVideo : 5/5
[15:37:55] [OTHER] Mémoire actuelle : 21192272 / 1 || TabVideo : 6/6
[15:37:55] [OTHER] Mémoire actuelle : 21499488 / 1 || TabVideo : 7/7
[15:37:55] [OTHER] Mémoire actuelle : 21806704 / 1 || TabVideo : 8/8
[15:37:55] [OTHER] Mémoire actuelle : 22113920 / 1 || TabVideo : 9/9
[15:37:55] [CAMERA] [VIDEO]0 : 307200
[15:37:55] [CAMERA] [VIDEO]1 : 307200
[15:37:55] [CAMERA] [VIDEO]2 : 307200
[15:37:55] [CAMERA] [VIDEO]3 : 307200
[15:37:55] [CAMERA] [VIDEO]4 : 307200
[15:37:55] [CAMERA] [VIDEO]5 : 307200
[15:37:55] [CAMERA] [VIDEO]6 : 307200
[15:37:55] [CAMERA] [VIDEO]7 : 307200
[15:37:55] [CAMERA] [VIDEO]8 : 307200
[15:37:55] [OTHER] Mémoire actuelle : 22421136 / 1 || TabVideo : 1/1
[15:37:55] [OTHER] Mémoire actuelle : 22728352 / 1 || TabVideo : 2/2
[15:37:55] [OTHER] Mémoire actuelle : 23035568 / 1 || TabVideo : 3/3
[15:37:55] [OTHER] Mémoire actuelle : 23342784 / 1 || TabVideo : 4/4
[15:37:55] [OTHER] Mémoire actuelle : 23650000 / 1 || TabVideo : 5/5
[15:37:55] [OTHER] Mémoire actuelle : 23957216 / 1 || TabVideo : 6/6
[15:37:55] [OTHER] Mémoire actuelle : 24264432 / 1 || TabVideo : 7/7
[15:37:55] [OTHER] Mémoire actuelle : 24571648 / 1 || TabVideo : 8/8
[15:37:55] [OTHER] Mémoire actuelle : 24878864 / 1 || TabVideo : 9/9
[15:37:55] [CAMERA] [VIDEO]0 : 307200
[15:37:55] [CAMERA] [VIDEO]1 : 307200
[15:37:55] [CAMERA] [VIDEO]2 : 307200
[15:37:55] [CAMERA] [VIDEO]3 : 307200
[15:37:55] [CAMERA] [VIDEO]4 : 307200
[15:37:55] [CAMERA] [VIDEO]5 : 307200
[15:37:55] [CAMERA] [VIDEO]6 : 307200
[15:37:55] [CAMERA] [VIDEO]7 : 307200
[15:37:55] [CAMERA] [VIDEO]8 : 307200
[15:37:55] [OTHER] Mémoire actuelle : 25192320 / 1 || TabVideo : 1/1
[15:37:55] [OTHER] Mémoire actuelle : 8884160 / 1 || TabVideo : 2/2
[15:37:55] [OTHER] Mémoire actuelle : 9191376 / 1 || TabVideo : 3/3
[15:37:55] [OTHER] Mémoire actuelle : 9498592 / 1 || TabVideo : 4/4
[15:37:55] [OTHER] Mémoire actuelle : 9805808 / 1 || TabVideo : 5/5
[15:37:55] [OTHER] Mémoire actuelle : 10113024 / 1 || TabVideo : 6/6
[15:37:55] [OTHER] Mémoire actuelle : 10420240 / 1 || TabVideo : 7/7
[15:37:55] [OTHER] Mémoire actuelle : 10727456 / 1 || TabVideo : 8/8
[15:37:55] [OTHER] Mémoire actuelle : 11034672 / 1 || TabVideo : 9/9
[15:37:55] [CAMERA] [VIDEO]0 : 307200
[15:37:55] [CAMERA] [VIDEO]1 : 307200
[15:37:55] [CAMERA] [VIDEO]2 : 307200
[15:37:55] [CAMERA] [VIDEO]3 : 307200
[15:37:55] [CAMERA] [VIDEO]4 : 307200
[15:37:55] [CAMERA] [VIDEO]5 : 307200
[15:37:55] [CAMERA] [VIDEO]6 : 307200
[15:37:55] [CAMERA] [VIDEO]7 : 307200
[15:37:55] [CAMERA] [VIDEO]8 : 307200
[15:37:55] [OTHER] Mémoire actuelle : 11341888 / 1 || TabVideo : 1/1
[15:37:55] [OTHER] Mémoire actuelle : 11649104 / 1 || TabVideo : 2/2
[15:37:55] [OTHER] Mémoire actuelle : 11956320 / 1 || TabVideo : 3/3
[15:37:56] [OTHER] Mémoire actuelle : 12263536 / 1 || TabVideo : 4/4
[15:37:56] [OTHER] Mémoire actuelle : 12570752 / 1 || TabVideo : 5/5
[15:37:56] [OTHER] Mémoire actuelle : 12877968 / 1 || TabVideo : 6/6
[15:37:56] [OTHER] Mémoire actuelle : 13185184 / 1 || TabVideo : 7/7
[15:37:56] [OTHER] Mémoire actuelle : 13492400 / 1 || TabVideo : 8/8
[15:37:56] [OTHER] Mémoire actuelle : 13799616 / 1 || TabVideo : 9/9
[15:37:56] [CAMERA] [VIDEO]0 : 307200
[15:37:56] [CAMERA] [VIDEO]1 : 307200
[15:37:56] [CAMERA] [VIDEO]2 : 307200
[15:37:56] [CAMERA] [VIDEO]3 : 307200
[15:37:56] [CAMERA] [VIDEO]4 : 307200
[15:37:56] [CAMERA] [VIDEO]5 : 307200
[15:37:56] [CAMERA] [VIDEO]6 : 307200
[15:37:56] [CAMERA] [VIDEO]7 : 307200
[15:37:56] [CAMERA] [VIDEO]8 : 307200
[15:37:56] [OTHER] Mémoire actuelle : 14106832 / 1 || TabVideo : 1/1
[15:37:56] [OTHER] Mémoire actuelle : 14414048 / 1 || TabVideo : 2/2
[15:37:56] [OTHER] Mémoire actuelle : 14721264 / 1 || TabVideo : 3/3
[15:37:56] [OTHER] Mémoire actuelle : 15028480 / 1 || TabVideo : 4/4
[15:37:56] [SERIAL] Commande liaison série capteur reçue PORTANCE 0.00 TRAINEE 0.00

[15:37:56] [OTHER] Mémoire actuelle : 15335696 / 1 || TabVideo : 5/5
[15:37:56] [OTHER] Mémoire actuelle : 15642912 / 1 || TabVideo : 6/6
[15:37:56] [OTHER] Mémoire actuelle : 15950128 / 1 || TabVideo : 7/7
[15:37:56] [OTHER] Mémoire actuelle : 16257344 / 1 || TabVideo : 8/8
[15:37:56] [OTHER] Mémoire actuelle : 16564560 / 1 || TabVideo : 9/9
[15:37:56] [CAMERA] [VIDEO]0 : 307200
[15:37:56] [CAMERA] [VIDEO]1 : 307200
[15:37:56] [CAMERA] [VIDEO]2 : 307200
[15:37:56] [CAMERA] [VIDEO]3 : 307200
[15:37:56] [CAMERA] [VIDEO]4 : 307200
[15:37:56] [CAMERA] [VIDEO]5 : 307200
[15:37:56] [CAMERA] [VIDEO]6 : 307200
[15:37:56] [CAMERA] [VIDEO]7 : 307200
[15:37:56] [CAMERA] [VIDEO]8 : 307200
[15:37:56] [OTHER] Mémoire actuelle : 16871776 / 1 || TabVideo : 1/1
[15:37:56] [OTHER] Mémoire actuelle : 17178992 / 1 || TabVideo : 2/2
[15:37:56] [OTHER] Mémoire actuelle : 17486208 / 1 || TabVideo : 3/3
[15:37:56] [OTHER] Mémoire actuelle : 17793424 / 1 || TabVideo : 4/4
[15:37:56] [OTHER] Mémoire actuelle : 18100640 / 1 || TabVideo : 5/5
[15:37:56] [OTHER] Mémoire actuelle : 18407856 / 1 || TabVideo : 6/6
[15:37:56] [OTHER] Mémoire actuelle : 18715072 / 1 || TabVideo : 7/7
[15:37:56] [OTHER] Mémoire actuelle : 19022288 / 1 || TabVideo : 8/8
[15:37:56] [CAMERA] [SAVE-VIDEO]Lancement de l'enregristrement de la vidéo 
[15:37:56] [CAMERA] [MEMOIRE]Restitution de la mémoire louée par la caméra en cours...
[15:37:56] [CAMERA] [MEMOIRE]Restitution de la mémoire effectuée sans erreur.
[15:37:56] [CAMERA] [SAVE-VIDEO]Enregistrement des bits en cours...
[15:37:56] [CAMERA] [VIDEO]0 : 307200
[15:37:56] [CAMERA] [VIDEO]1 : 307200
[15:37:56] [CAMERA] [VIDEO]2 : 307200
[15:37:56] [CAMERA] [VIDEO]3 : 307200
[15:37:56] [CAMERA] [VIDEO]4 : 307200
[15:37:56] [OTHER] Mémoire actuelle : 19329504 / 1 || TabVideo : 9/9
[15:37:56] [CAMERA] [VIDEO]5 : 307200
[15:37:56] [CAMERA] [VIDEO]6 : 307200
[15:37:56] [CAMERA] [VIDEO]7 : 307200
[15:37:56] [CAMERA] [VIDEO]8 : 307200
[15:37:56] [OTHER] Mémoire actuelle : 19329504 / 1 || TabVideo : 0
[15:37:56] [CAMERA] [SAVE-VIDEO]Capture enregistrer de la vidéo dans /var/www/html//VIDEO/22032023_153751/[22-03-2023--15-37-51].h264 : zqdqzdqz : 0
[15:37:56] [SERIAL] Enregistrement mesure arrêtée
[15:37:57] [DEBUG] Message affiché : Transmission de la session numéro 62 bien effectuée.
[15:37:58] [SERIAL] Commande liaison série capteur reçue PORTANCE 0.00 TRAINEE 0.00

[15:38:00] [SERIAL] Commande liaison série capteur reçue PORTANCE 0.00 TRAINEE 0.00

[15:38:02] [SERIAL] Commande liaison série capteur reçue PORTANCE 0.00 TRAINEE 0.00

[15:38:04] [SERIAL] Commande liaison série capteur reçue PORTANCE 0.00 TRAINEE 0.00

[15:38:06] [SERIAL] Commande liaison série capteur reçue PORTANCE 0.00 TRAINEE 0.10

[15:38:08] [SERIAL] Commande liaison série capteur reçue PORTANCE 0.10 TRAINEE 0.00

[15:38:10] [SERIAL] Commande liaison série capteur reçue PORTANCE 0.00 TRAINEE 0.00

[15:38:12] [SERIAL] Commande liaison série capteur reçue PORTANCE 0.00 TRAINEE 0.00

[15:38:15] [SERIAL] Commande liaison série capteur reçue PORTANCE 0.00 TRAINEE 0.00

[15:38:17] [SERIAL] Commande liaison série capteur reçue PORTANCE 0.00 TRAINEE 0.00

[15:38:19] [SERIAL] Commande liaison série capteur reçue PORTANCE 0.00 TRAINEE 0.00

[15:38:21] [SERIAL] Commande liaison série capteur reçue PORTANCE 0.00 TRAINEE 0.00

[15:38:23] [SERIAL] Commande liaison série capteur reçue PORTANCE 0.00 TRAINEE 0.00

[15:38:25] [SERIAL] Commande liaison série capteur reçue PORTANCE 0.00 TRAINEE 0.00

[15:38:27] [SERIAL] Commande liaison série capteur reçue PORTANCE 0.00 TRAINEE 0.00

[15:38:29] [SERIAL] Commande liaison série capteur reçue PORTANCE 0.00 TRAINEE 0.00

[15:38:31] [SERIAL] Commande liaison série capteur reçue PORTANCE 0.00 TRAINEE 0.00

[15:38:33] [SERIAL] Commande liaison série capteur reçue PORTANCE 0.00 TRAINEE 0.00

[15:38:35] [SERIAL] Commande liaison série capteur reçue PORTANCE 0.00 TRAINEE 0.00

[15:38:37] [SERIAL] Commande liaison série capteur reçue PORTANCE 0.00 TRAINEE 0.00

[15:38:40] [SERIAL] Commande liaison série capteur reçue PORTANCE 0.00 TRAINEE 0.00

[15:38:42] [SERIAL] Commande liaison série capteur reçue PORTANCE 0.00 TRAINEE 0.00

[15:38:44] [SERIAL] Commande liaison série capteur reçue PORTANCE 0.00 TRAINEE 0.00

[15:38:46] [SERIAL] Commande liaison série capteur reçue PORTANCE 0.00 TRAINEE 0.00

[15:38:48] [SERIAL] Commande liaison série capteur reçue PORTANCE 0.00 TRAINEE 0.00

[15:38:50] [SERIAL] Commande liaison série capteur reçue PORTANCE 0.00 TRAINEE 0.00

[15:38:52] [SERIAL] Commande liaison série capteur reçue PORTANCE 0.00 TRAINEE 0.00

[15:38:54] [SERIAL] Commande liaison série capteur reçue PORTANCE 0.00 TRAINEE 0.00

[15:38:56] [SERIAL] Commande liaison série capteur reçue PORTANCE 0.00 TRAINEE 0.00

[15:38:58] [SERIAL] Commande liaison série capteur reçue PORTANCE 0.00 TRAINEE 0.00

[15:39:01] [SERIAL] Commande liaison série capteur reçue PORTANCE 0.00 TRAINEE 0.00

[15:39:03] [SERIAL] Commande liaison série capteur reçue PORTANCE 0.00 TRAINEE 0.00

[15:39:05] [SERIAL] Commande liaison série capteur reçue PORTANCE 0.00 TRAINEE 0.00

[15:39:07] [SERIAL] Commande liaison série capteur reçue PORTANCE 0.00 TRAINEE 0.00

[15:39:09] [SERIAL] Commande liaison série capteur reçue PORTANCE 0.00 TRAINEE 0.00

[15:39:11] [SERIAL] Commande liaison série capteur reçue PORTANCE 0.00 TRAINEE 0.00

[15:39:13] [SERIAL] Commande liaison série capteur reçue PORTANCE 0.00 TRAINEE 0.00

[15:39:15] [SERIAL] Commande liaison série capteur reçue PORTANCE 0.00 TRAINEE 0.00

[15:39:17] [SERIAL] Commande liaison série capteur reçue PORTANCE 0.00 TRAINEE 0.00

[15:39:19] [SERIAL] Commande liaison série capteur reçue PORTANCE 0.00 TRAINEE 0.00

[15:39:21] [SERIAL] Commande liaison série capteur reçue PORTANCE 0.00 TRAINEE 0.00

[15:39:24] [SERIAL] Commande liaison série capteur reçue PORTANCE 0.00 TRAINEE 0.00

[15:39:26] [SERIAL] Commande liaison série capteur reçue PORTANCE 0.00 TRAINEE 0.00

[15:39:28] [SERIAL] Commande liaison série capteur reçue PORTANCE 0.00 TRAINEE 0.00

[15:39:30] [SERIAL] Commande liaison série capteur reçue PORTANCE 0.00 TRAINEE 0.00

[15:39:32] [SERIAL] Commande liaison série capteur reçue PORTANCE 0.00 TRAINEE 0.00

[15:39:34] [SERIAL] Commande liaison série capteur reçue PORTANCE 0.00 TRAINEE 0.00

[15:39:36] [SERIAL] Commande liaison série capteur reçue PORTANCE 0.00 TRAINEE 0.00

[15:39:38] [SERIAL] Commande liaison série capteur reçue PORTANCE 0.10 TRAINEE 0.00

[15:39:40] [SERIAL] Commande liaison série capteur reçue PORTANCE 0.00 TRAINEE 0.00

[15:39:42] [SERIAL] Commande liaison série capteur reçue PORTANCE 0.00 TRAINEE 0.00

[15:39:44] [SERIAL] Commande liaison série capteur reçue PORTANCE 0.00 TRAINEE 0.00

[15:39:46] [SERIAL] Commande liaison série capteur reçue PORTANCE 0.00 TRAINEE 0.00

[15:39:49] [SERIAL] Commande liaison série capteur reçue PORTANCE 0.00 TRAINEE 0.00

[15:39:51] [SERIAL] Commande liaison série capteur reçue PORTANCE 0.00 TRAINEE 0.00

[15:39:53] [SERIAL] Commande liaison série capteur reçue PORTANCE 0.00 TRAINEE 0.00

[15:39:55] [SERIAL] Commande liaison série capteur reçue PORTANCE 0.00 TRAINEE 0.00

[15:39:57] [SERIAL] Commande liaison série capteur reçue PORTANCE 0.00 TRAINEE 0.00

[15:39:59] [SERIAL] Commande liaison série capteur reçue PORTANCE 0.10 TRAINEE 0.00

[15:40:01] [SERIAL] Commande liaison série capteur reçue PORTANCE 0.00 TRAINEE 0.00

[15:40:03] [SERIAL] Commande liaison série capteur reçue PORTANCE 0.00 TRAINEE 0.00

[15:40:05] [SERIAL] Commande liaison série capteur reçue PORTANCE 0.00 TRAINEE 0.00

[15:40:07] [SERIAL] Commande liaison série capteur reçue PORTANCE 0.00 TRAINEE 0.00

[15:40:09] [SERIAL] Commande liaison série capteur reçue PORTANCE 0.00 TRAINEE 0.00

[15:40:11] [SERIAL] Commande liaison série capteur reçue PORTANCE 0.00 TRAINEE 0.00

[15:40:14] [SERIAL] Commande liaison série capteur reçue PORTANCE 0.00 TRAINEE 0.00

[15:40:16] [SERIAL] Commande liaison série capteur reçue PORTANCE 0.00 TRAINEE 0.00

[15:40:18] [SERIAL] Commande liaison série capteur reçue PORTANCE 0.00 TRAINEE 0.00

[15:40:20] [SERIAL] Commande liaison série capteur reçue PORTANCE 0.00 TRAINEE 0.00

[15:40:22] [SERIAL] Commande liaison série capteur reçue PORTANCE 0.00 TRAINEE 0.00

[15:40:24] [SERIAL] Commande liaison série capteur reçue PORTANCE 0.00 TRAINEE 0.00

[15:40:26] [SERIAL] Commande liaison série capteur reçue PORTANCE 0.00 TRAINEE 0.00

[15:40:28] [SERIAL] Commande liaison série capteur reçue PORTANCE 0.00 TRAINEE 0.00

[15:40:30] [SERIAL] Commande liaison série capteur reçue PORTANCE 0.00 TRAINEE 0.00

[15:40:32] [SERIAL] Commande liaison série capteur reçue PORTANCE 0.00 TRAINEE 0.00

[15:40:35] [SERIAL] Commande liaison série capteur reçue PORTANCE 0.00 TRAINEE 0.00

[15:40:37] [SERIAL] Commande liaison série capteur reçue PORTANCE 0.00 TRAINEE 0.00

[15:40:39] [SERIAL] Commande liaison série capteur reçue PORTANCE 0.00 TRAINEE 0.00

[15:40:41] [SERIAL] Commande liaison série capteur reçue PORTANCE 0.00 TRAINEE 0.00

[15:40:43] [SERIAL] Commande liaison série capteur reçue PORTANCE 0.00 TRAINEE 0.00

[15:40:45] [SERIAL] Commande liaison série capteur reçue PORTANCE 0.00 TRAINEE 0.00

[15:40:47] [SERIAL] Commande liaison série capteur reçue PORTANCE 0.00 TRAINEE 0.00

[15:40:49] [SERIAL] Commande liaison série capteur reçue PORTANCE 0.00 TRAINEE 0.00

[15:40:51] [SERIAL] Commande liaison série capteur reçue PORTANCE 0.00 TRAINEE 0.00

[15:40:53] [SERIAL] Commande liaison série capteur reçue PORTANCE 0.00 TRAINEE 0.00

[15:40:55] [SERIAL] Commande liaison série capteur reçue PORTANCE 0.00 TRAINEE 0.00

[15:40:57] [SERIAL] Commande liaison série capteur reçue PORTANCE 0.00 TRAINEE 0.00

[15:40:59] [SERIAL] Commande liaison série capteur reçue PORTANCE 0.00 TRAINEE 0.00

[15:41:02] [SERIAL] Commande liaison série capteur reçue PORTANCE 0.00 TRAINEE 0.00

[15:41:04] [SERIAL] Commande liaison série capteur reçue PORTANCE 0.00 TRAINEE 0.00

[15:41:06] [SERIAL] Commande liaison série capteur reçue PORTANCE 0.00 TRAINEE 0.00

[15:41:08] [SERIAL] Commande liaison série capteur reçue PORTANCE 0.00 TRAINEE 0.00

[15:41:10] [SERIAL] Commande liaison série capteur reçue PORTANCE 0.00 TRAINEE 0.00

[15:41:12] [SERIAL] Commande liaison série capteur reçue PORTANCE 0.00 TRAINEE 0.00

[15:41:14] [SERIAL] Commande liaison série capteur reçue PORTANCE 0.00 TRAINEE 0.00

[15:41:16] [SERIAL] Commande liaison série capteur reçue PORTANCE 0.00 TRAINEE 0.00

[15:41:18] [SERIAL] Commande liaison série capteur reçue PORTANCE 0.00 TRAINEE 0.00

[15:41:20] [SERIAL] Commande liaison série capteur reçue PORTANCE 0.00 TRAINEE 0.00

[15:41:22] [SERIAL] Commande liaison série capteur reçue PORTANCE 0.00 TRAINEE 0.00

[15:41:25] [SERIAL] Commande liaison série capteur reçue PORTANCE 0.00 TRAINEE 0.00

[15:41:27] [SERIAL] Commande liaison série capteur reçue PORTANCE 0.00 TRAINEE 0.00

[15:41:29] [SERIAL] Commande liaison série capteur reçue PORTANCE 0.00 TRAINEE 0.00

[15:41:31] [SERIAL] Commande liaison série capteur reçue PORTANCE 0.00 TRAINEE 0.00

[15:41:33] [SERIAL] Commande liaison série capteur reçue PORTANCE 0.00 TRAINEE 0.00

[15:41:35] [SERIAL] Commande liaison série capteur reçue PORTANCE 0.00 TRAINEE 0.00

[15:41:37] [SERIAL] Commande liaison série capteur reçue PORTANCE 0.00 TRAINEE 0.00

[15:41:39] [SERIAL] Commande liaison série capteur reçue PORTANCE 0.00 TRAINEE 0.00

[15:41:41] [SERIAL] Commande liaison série capteur reçue PORTANCE 0.00 TRAINEE 0.00

[15:41:43] [SERIAL] Commande liaison série capteur reçue PORTANCE 0.00 TRAINEE 0.00

[15:41:45] [SERIAL] Commande liaison série capteur reçue PORTANCE 0.00 TRAINEE 0.00

[15:41:48] [SERIAL] Commande liaison série capteur reçue PORTANCE 0.00 TRAINEE 0.00

[15:41:50] [SERIAL] Commande liaison série capteur reçue PORTANCE 0.00 TRAINEE 0.00

[15:41:52] [SERIAL] Commande liaison série capteur reçue PORTANCE 0.00 TRAINEE 0.00

[15:41:54] [SERIAL] Commande liaison série capteur reçue PORTANCE 0.00 TRAINEE 0.00

[15:41:56] [SERIAL] Commande liaison série capteur reçue PORTANCE 0.00 TRAINEE 0.00

[15:41:58] [SERIAL] Commande liaison série capteur reçue PORTANCE 0.00 TRAINEE 0.00

[15:41:59] [SERIAL] Transmission mesure arrêtée
[15:41:59] [SERIAL] Liaison série ESP32 arrêtée
