[15:33:49] [LOGS] Initialisation des logs...[15:33:49] [OTHER] Nombre d'image : 1
[15:33:49] [OTHER] Configuration chargée
[15:33:49] [OTHER] Configuration chargée
[15:33:51] [SERIAL] Liaison série ESP32 démarrée
[15:33:52] [MYSQL] Connecté a la BDD MYSQL
[15:33:58] [CAMERA] [DISPLAY-IMAGE]Lancement de la capture d'image 
[15:33:58] [CAMERA] [MEMOIRE]Initialisation de la caméra...
[15:33:58] [CAMERA] [MEMOIRE]Initialisation de la caméra sans erreur.
[15:33:58] [CAMERA] [DISPLAY-IMAGE]Initialisation terminer
[15:33:58] [CAMERA] [DISPLAY-IMAGE]Capture en cours...
[15:33:58] [CAMERA] Bouton start retour cam introuvable !!!
[15:34:03] [CAMERA] [SAVE-IMAGE]Lancement de l'enregristrement d'une image 
[15:34:03] [CAMERA] [MEMOIRE]Initialisation de la caméra...
[15:34:03] [CAMERA] [MEMOIRE]Initialisation de la caméra sans erreur.
[15:34:03] [CAMERA] [SAVE-IMAGE]Capture de l'image avec la mesure
[15:34:04] [CAMERA] [SAVE-IMAGE]Capture enregistrer de l'image dans /var/www/html//IMG//[22-03-2023--15-34-04] PORTANCE NULL TRAINEE NULL.jpg
[15:34:04] [OTHER] Nombre d'image : 2
[15:35:22] [SERIAL] Commande liaison série capteur reçue MSG DEMARRAGE TRANSMISSION MESURE AVEC 0.55 SECONDE(S) ENTRE CHAQUE MESURE (Portance maximum en g : 2; Trainee maximum en g : 2)

[15:35:23] [SERIAL] Enregistrement mesure démarée
[15:35:23] [SERIAL] Commande liaison série capteur reçue PORTANCE 0.10 TRAINEE 0.00

[15:35:23] [CAMERA] [SAVE-IMAGE]Lancement de l'enregristrement d'une image 
[15:35:23] [CAMERA] [MEMOIRE]Initialisation de la caméra...
[15:35:23] [CAMERA] [MEMOIRE]Initialisation de la caméra sans erreur.
[15:35:24] [CAMERA] [SAVE-IMAGE]Capture de l'image avec la mesure
[15:35:24] [CAMERA] [SAVE-IMAGE]Capture enregistrer de l'image dans /var/www/html//IMG/22032023_153523/[22-03-2023--15-35-24] PORTANCE 0,1 TRAINEE 0.jpg
[15:35:26] [SERIAL] Commande liaison série capteur reçue PORTANCE 0.10 TRAINEE 0.10

[15:35:26] [CAMERA] [SAVE-IMAGE]Lancement de l'enregristrement d'une image 
[15:35:26] [CAMERA] [MEMOIRE]Initialisation de la caméra...
[15:35:26] [CAMERA] [MEMOIRE]Initialisation de la caméra sans erreur.
[15:35:26] [CAMERA] [SAVE-IMAGE]Capture de l'image avec la mesure
[15:35:26] [CAMERA] [SAVE-IMAGE]Capture enregistrer de l'image dans /var/www/html//IMG/22032023_153523/[22-03-2023--15-35-26] PORTANCE 0,1 TRAINEE 0,1.jpg
[15:35:27] [SERIAL] Enregistrement mesure arrêtée
[15:35:28] [DEBUG] Message affiché : Transmission de la session numéro 59 bien effectuée.
[15:35:28] [SERIAL] Commande liaison série capteur reçue PORTANCE 0.20 TRAINEE 0.00

[15:35:30] [SERIAL] Commande liaison série capteur reçue PORTANCE 0.20 TRAINEE 0.00

[15:35:32] [SERIAL] Commande liaison série capteur reçue PORTANCE 0.20 TRAINEE 0.10

[15:35:34] [SERIAL] Enregistrement mesure démarée
[15:35:34] [SERIAL] Commande liaison série capteur reçue PORTANCE 0.20 TRAINEE 0.00

[15:35:34] [CAMERA] [SAVE-IMAGE]Lancement de l'enregristrement d'une image 
[15:35:34] [CAMERA] [MEMOIRE]Initialisation de la caméra...
[15:35:34] [CAMERA] [MEMOIRE]Initialisation de la caméra sans erreur.
[15:35:34] [CAMERA] [SAVE-IMAGE]Capture de l'image avec la mesure
[15:35:34] [CAMERA] [SAVE-IMAGE]Capture enregistrer de l'image dans /var/www/html//IMG/22032023_153534/[22-03-2023--15-35-34] PORTANCE 0,2 TRAINEE 0.jpg
[15:35:36] [SERIAL] Commande liaison série capteur reçue PORTANCE 0.10 TRAINEE 0.00

[15:35:36] [CAMERA] [SAVE-IMAGE]Lancement de l'enregristrement d'une image 
[15:35:36] [CAMERA] [MEMOIRE]Initialisation de la caméra...
[15:35:36] [CAMERA] [MEMOIRE]Initialisation de la caméra sans erreur.
[15:35:36] [CAMERA] [SAVE-IMAGE]Capture de l'image avec la mesure
[15:35:36] [CAMERA] [SAVE-IMAGE]Capture enregistrer de l'image dans /var/www/html//IMG/22032023_153534/[22-03-2023--15-35-36] PORTANCE 0,1 TRAINEE 0.jpg
[15:35:37] [SERIAL] Enregistrement mesure arrêtée
[15:35:37] [DEBUG] Message affiché : Transmission de la session numéro 60 bien effectuée.
[15:35:38] [SERIAL] Commande liaison série capteur reçue PORTANCE 0.10 TRAINEE 0.00

[15:35:40] [SERIAL] Commande liaison série capteur reçue PORTANCE 0.10 TRAINEE 0.00

[15:35:42] [SERIAL] Commande liaison série capteur reçue PORTANCE 0.10 TRAINEE 0.10

[15:35:44] [SERIAL] Commande liaison série capteur reçue PORTANCE 0.20 TRAINEE 0.00

[15:35:46] [SERIAL] Commande liaison série capteur reçue PORTANCE 0.10 TRAINEE 0.00

[15:35:48] [SERIAL] Commande liaison série capteur reçue PORTANCE 0.00 TRAINEE 0.00

[15:35:50] [SERIAL] Commande liaison série capteur reçue PORTANCE 0.10 TRAINEE 0.00

[15:35:53] [SERIAL] Commande liaison série capteur reçue PORTANCE 0.00 TRAINEE 0.00

[15:35:55] [SERIAL] Commande liaison série capteur reçue PORTANCE 0.10 TRAINEE 0.00

[15:35:57] [SERIAL] Commande liaison série capteur reçue PORTANCE 0.10 TRAINEE 0.00

[15:35:59] [SERIAL] Commande liaison série capteur reçue PORTANCE 0.10 TRAINEE 0.00

[15:36:00] [CAMERA] [MEMOIRE]Restitution de la mémoire louée par la caméra en cours...
[15:36:00] [CAMERA] [MEMOIRE]Restitution de la mémoire effectuée sans erreur.
[15:36:01] [SERIAL] Commande liaison série capteur reçue PORTANCE 0.10 TRAINEE 0.00

[15:36:03] [SERIAL] Commande liaison série capteur reçue PORTANCE 0.10 TRAINEE 0.10

[15:36:03] [CAMERA] [DISPLAY-IMAGE]Lancement de la capture d'image 
[15:36:03] [CAMERA] [MEMOIRE]Initialisation de la caméra...
[15:36:03] [CAMERA] [MEMOIRE]Initialisation de la caméra sans erreur.
[15:36:03] [CAMERA] [DISPLAY-IMAGE]Initialisation terminer
[15:36:03] [CAMERA] [DISPLAY-IMAGE]Capture en cours...
[15:36:03] [CAMERA] Bouton start retour cam introuvable !!!
[15:36:05] [SERIAL] Commande liaison série capteur reçue PORTANCE 0.10 TRAINEE 0.00

[15:36:07] [SERIAL] Commande liaison série capteur reçue PORTANCE 0.10 TRAINEE 0.00

[15:36:08] [CAMERA] [MEMOIRE]Restitution de la mémoire louée par la caméra en cours...
[15:36:08] [CAMERA] [MEMOIRE]Restitution de la mémoire effectuée sans erreur.
[15:36:09] [SERIAL] Commande liaison série capteur reçue PORTANCE 0.10 TRAINEE 0.00

[15:36:11] [SERIAL] Commande liaison série capteur reçue PORTANCE 0.10 TRAINEE 0.00

[15:36:14] [SERIAL] Commande liaison série capteur reçue PORTANCE 0.10 TRAINEE 0.00

[15:36:16] [SERIAL] Commande liaison série capteur reçue PORTANCE 0.10 TRAINEE 0.00

[15:36:18] [SERIAL] Commande liaison série capteur reçue PORTANCE 0.10 TRAINEE 0.00

[15:36:18] [SERIAL] Transmission mesure arrêtée
[15:36:18] [SERIAL] Liaison série ESP32 arrêtée
