[13:30:12] [LOGS] Initialisation des logs...[13:30:13] [OTHER] Nombre d'image : 2
[13:30:13] [OTHER] Configuration chargée
[13:30:13] [OTHER] Configuration chargée
[13:30:14] [SERIAL] Liaison série ESP32 démarrée
[13:30:14] [SERIAL] Commande liaison série capteur reçue PORTANCE 0.70 TRAINEE 0.80

[13:30:15] [MYSQL] Connecté a la BDD MYSQL
[13:30:21] [SERIAL] Commande liaison série capteur reçue MSG DEMARRAGE TRANSMISSION MESURE AVEC 0.1 SECONDE(S) ENTRE CHAQUE MESURE (Portance maximum en mN : 1800; Trainee maximum en mN : 981; echelle jauge trainee : 183.399623; echelle jauge portance : 183.9949)

[13:30:23] [SERIAL] Commande liaison série capteur reçue PORTANCE 0.20 TRAINEE 0.20

[13:30:23] [SERIAL] Enregistrement mesure démarée
[13:30:24] [SERIAL] Commande liaison série capteur reçue PORTANCE 0.40 TRAINEE 0.20

[13:30:26] [SERIAL] Commande liaison série capteur reçue PORTANCE 0.30 TRAINEE 0.00

[13:30:28] [SERIAL] Commande liaison série capteur reçue PORTANCE 0.40 TRAINEE 0.10

[13:30:29] [SERIAL] Commande liaison série capteur reçue PORTANCE 0.30 TRAINEE 0.20

[13:30:31] [SERIAL] Commande liaison série capteur reçue PORTANCE 0.40 TRAINEE 0.10

[13:30:33] [SERIAL] Commande liaison série capteur reçue PORTANCE 0.50 TRAINEE 0.10

[13:30:34] [SERIAL] Commande liaison série capteur reçue PORTANCE 0.30 TRAINEE 0.10

[13:30:36] [SERIAL] Commande liaison série capteur reçue PORTANCE 0.30 TRAINEE 0.10

[13:30:37] [SERIAL] Commande liaison série capteur reçue PORTANCE 0.30 TRAINEE 0.00

[13:30:39] [SERIAL] Commande liaison série capteur reçue PORTANCE 0.40 TRAINEE 0.10

[13:30:41] [SERIAL] Commande liaison série capteur reçue PORTANCE 0.40 TRAINEE 0.10

[13:30:42] [SERIAL] Commande liaison série capteur reçue PORTANCE 0.40 TRAINEE 0.00

[13:30:44] [SERIAL] Commande liaison série capteur reçue PORTANCE 0.40 TRAINEE 0.00

[13:30:46] [SERIAL] Commande liaison série capteur reçue PORTANCE 0.50 TRAINEE 0.00

[13:30:47] [SERIAL] Commande liaison série capteur reçue PORTANCE 0.40 TRAINEE 0.00

[13:30:49] [SERIAL] Commande liaison série capteur reçue PORTANCE 0.50 TRAINEE 0.00

[13:30:51] [SERIAL] Commande liaison série capteur reçue PORTANCE 0.40 TRAINEE 0.20

[13:30:52] [SERIAL] Commande liaison série capteur reçue PORTANCE 0.40 TRAINEE 0.10

[13:30:54] [SERIAL] Commande liaison série capteur reçue PORTANCE 0.30 TRAINEE 0.00

[13:30:55] [SERIAL] Commande liaison série capteur reçue PORTANCE 0.40 TRAINEE 0.00

[13:30:57] [SERIAL] Commande liaison série capteur reçue PORTANCE 0.40 TRAINEE 0.00

[13:30:59] [SERIAL] Commande liaison série capteur reçue PORTANCE 0.40 TRAINEE 0.10

[13:31:00] [SERIAL] Commande liaison série capteur reçue PORTANCE 0.40 TRAINEE 0.10

[13:31:02] [SERIAL] Commande liaison série capteur reçue PORTANCE 0.20 TRAINEE 0.00

[13:31:04] [SERIAL] Commande liaison série capteur reçue PORTANCE 0.30 TRAINEE 0.20

[13:31:05] [SERIAL] Commande liaison série capteur reçue PORTANCE 0.30 TRAINEE 0.10

[13:31:07] [SERIAL] Commande liaison série capteur reçue PORTANCE 0.40 TRAINEE 0.20

[13:31:09] [SERIAL] Commande liaison série capteur reçue PORTANCE 0.40 TRAINEE 0.30

[13:31:10] [SERIAL] Commande liaison série capteur reçue PORTANCE 0.30 TRAINEE 0.10

[13:31:12] [SERIAL] Commande liaison série capteur reçue PORTANCE 0.40 TRAINEE 0.00

[13:31:13] [SERIAL] Commande liaison série capteur reçue PORTANCE 0.40 TRAINEE 0.10

[13:31:15] [SERIAL] Commande liaison série capteur reçue PORTANCE 0.60 TRAINEE 0.10

[13:31:17] [SERIAL] Commande liaison série capteur reçue PORTANCE 0.50 TRAINEE 0.00

[13:31:18] [SERIAL] Commande liaison série capteur reçue PORTANCE 0.50 TRAINEE 0.00

[13:31:20] [SERIAL] Commande liaison série capteur reçue PORTANCE 0.40 TRAINEE 0.20

[13:31:22] [SERIAL] Commande liaison série capteur reçue PORTANCE 0.50 TRAINEE 0.10

[13:31:23] [SERIAL] Commande liaison série capteur reçue PORTANCE 0.30 TRAINEE 0.20

[13:31:25] [SERIAL] Commande liaison série capteur reçue PORTANCE 0.30 TRAINEE 0.00

[13:31:27] [SERIAL] Commande liaison série capteur reçue PORTANCE 0.30 TRAINEE 0.30

[13:31:28] [SERIAL] Commande liaison série capteur reçue PORTANCE 0.60 TRAINEE 0.30

[13:31:30] [SERIAL] Commande liaison série capteur reçue PORTANCE 0.20 TRAINEE 0.00

[13:31:32] [SERIAL] Commande liaison série capteur reçue PORTANCE 0.50 TRAINEE 0.00

[13:31:33] [SERIAL] Commande liaison série capteur reçue PORTANCE 0.50 TRAINEE 0.00

[13:31:35] [SERIAL] Commande liaison série capteur reçue PORTANCE 0.50 TRAINEE 0.00

[13:31:36] [SERIAL] Commande liaison série capteur reçue PORTANCE 0.50 TRAINEE 0.10

[13:31:38] [SERIAL] Commande liaison série capteur reçue PORTANCE 0.40 TRAINEE 0.00

[13:31:40] [SERIAL] Commande liaison série capteur reçue PORTANCE 0.40 TRAINEE 0.10

[13:31:41] [SERIAL] Commande liaison série capteur reçue PORTANCE 0.40 TRAINEE 0.10

[13:31:43] [SERIAL] Commande liaison série capteur reçue PORTANCE 0.40 TRAINEE 0.10

[13:31:45] [SERIAL] Commande liaison série capteur reçue PORTANCE 0.50 TRAINEE 0.10

[13:31:46] [SERIAL] Commande liaison série capteur reçue PORTANCE 0.50 TRAINEE 0.10

[13:31:48] [SERIAL] Commande liaison série capteur reçue PORTANCE 0.50 TRAINEE 0.30

[13:31:50] [SERIAL] Commande liaison série capteur reçue PORTANCE 0.50 TRAINEE 0.30

[13:31:51] [SERIAL] Commande liaison série capteur reçue PORTANCE 0.60 TRAINEE 0.10

[13:31:53] [SERIAL] Commande liaison série capteur reçue PORTANCE 0.60 TRAINEE 0.30

[13:31:55] [SERIAL] Commande liaison série capteur reçue PORTANCE 0.30 TRAINEE 0.50

[13:31:56] [SERIAL] Commande liaison série capteur reçue PORTANCE 0.40 TRAINEE 0.30

[13:31:58] [SERIAL] Commande liaison série capteur reçue PORTANCE 0.70 TRAINEE 0.10

[13:31:59] [SERIAL] Commande liaison série capteur reçue PORTANCE 0.40 TRAINEE 0.10

[13:32:01] [SERIAL] Commande liaison série capteur reçue PORTANCE 0.50 TRAINEE 0.40

[13:32:03] [SERIAL] Commande liaison série capteur reçue PORTANCE 0.50 TRAINEE 0.20

[13:32:04] [SERIAL] Commande liaison série capteur reçue PORTANCE 0.70 TRAINEE 1.20

[13:32:06] [SERIAL] Commande liaison série capteur reçue PORTANCE 0.50 TRAINEE 0.20

[13:32:08] [SERIAL] Commande liaison série capteur reçue PORTANCE 0.40 TRAINEE 0.10

[13:32:09] [SERIAL] Commande liaison série capteur reçue PORTANCE 0.60 TRAINEE 0.20

[13:32:11] [SERIAL] Commande liaison série capteur reçue PORTANCE 0.60 TRAINEE 0.20

[13:32:13] [SERIAL] Commande liaison série capteur reçue PORTANCE 0.50 TRAINEE 0.30

[13:32:14] [SERIAL] Commande liaison série capteur reçue PORTANCE 0.60 TRAINEE 0.00

[13:32:16] [SERIAL] Commande liaison série capteur reçue PORTANCE 0.50 TRAINEE 0.20

[13:32:17] [SERIAL] Commande liaison série capteur reçue PORTANCE 0.60 TRAINEE 0.20

[13:32:19] [SERIAL] Commande liaison série capteur reçue PORTANCE 0.40 TRAINEE 0.00

[13:32:21] [SERIAL] Commande liaison série capteur reçue PORTANCE 0.40 TRAINEE 0.10

[13:32:22] [SERIAL] Commande liaison série capteur reçue PORTANCE 0.50 TRAINEE 0.10

[13:32:24] [SERIAL] Commande liaison série capteur reçue PORTANCE 0.60 TRAINEE 0.10

[13:32:26] [SERIAL] Commande liaison série capteur reçue PORTANCE 0.60 TRAINEE 0.10

[13:32:27] [SERIAL] Commande liaison série capteur reçue PORTANCE 0.70 TRAINEE 0.10

[13:32:29] [SERIAL] Commande liaison série capteur reçue PORTANCE 0.60 TRAINEE 0.20

[13:32:31] [SERIAL] Commande liaison série capteur reçue PORTANCE 0.70 TRAINEE 0.30

[13:32:31] [SERIAL] Transmission mesure arrêtée
[13:32:31] [SERIAL] Liaison série ESP32 arrêtée
