[16:40:55] [LOGS] Initialisation des logs...
[16:40:55] [OTHER] Démarrage de l'IHM
[16:40:56] [MYSQL] Echec lors de la connexion a la BDD MYSQL (MySql.Data.MySqlClient.MySqlException (0x80004005): Unable to connect to any of the specified MySQL hosts. ---> System.AggregateException: Une ou plusieurs erreurs se sont produites. ---> System.Net.Sockets.SocketException: Hôte inconnu
   à System.Net.Dns.HostResolutionEndHelper(IAsyncResult asyncResult)
   à System.Net.Dns.EndGetHostAddresses(IAsyncResult asyncResult)
   à System.Threading.Tasks.TaskFactory`1.FromAsyncCoreLogic(IAsyncResult iar, Func`2 endFunction, Action`1 endAction, Task`1 promise, Boolean requiresSynchronization)
   --- Fin de la trace de la pile d'exception interne ---
   à System.Threading.Tasks.Task.ThrowIfExceptional(Boolean includeTaskCanceledExceptions)
   à System.Threading.Tasks.Task.Wait(Int32 millisecondsTimeout, CancellationToken cancellationToken)
   à MySql.Data.Common.StreamCreator.GetTcpStream(MySqlConnectionStringBuilder settings)
   à MySql.Data.Common.StreamCreator.GetStream(MySqlConnectionStringBuilder settings)
   à MySql.Data.MySqlClient.NativeDriver.Open()
---> (Exception interne #0) System.Net.Sockets.SocketException (0x80004005): Hôte inconnu
   à System.Net.Dns.HostResolutionEndHelper(IAsyncResult asyncResult)
   à System.Net.Dns.EndGetHostAddresses(IAsyncResult asyncResult)
   à System.Threading.Tasks.TaskFactory`1.FromAsyncCoreLogic(IAsyncResult iar, Func`2 endFunction, Action`1 endAction, Task`1 promise, Boolean requiresSynchronization)<---

   à MySql.Data.MySqlClient.NativeDriver.Open()
   à MySql.Data.MySqlClient.Driver.Open()
   à MySql.Data.MySqlClient.Driver.Create(MySqlConnectionStringBuilder settings)
   à MySql.Data.MySqlClient.MySqlPool.CreateNewPooledConnection()
   à MySql.Data.MySqlClient.MySqlPool.GetPooledConnection()
   à MySql.Data.MySqlClient.MySqlPool.TryToGetDriver()
   à MySql.Data.MySqlClient.MySqlPool.GetConnection()
   à MySql.Data.MySqlClient.MySqlConnection.Open()
   à Eolia_IHM.EoliaSQL.<>c__DisplayClass5_0.<InitialiserConnexionSQL>b__0() dans C:\Users\Rémi\Documents\GitHub\AERO-Application\EOLIA-IHM\Eolia-IHM\Utils\EoliaSQL.cs:ligne 47)
[16:40:58] [MYSQL] Echec lors de la connexion a la BDD MYSQL (MySql.Data.MySqlClient.MySqlException (0x80004005): Unable to connect to any of the specified MySQL hosts. ---> System.AggregateException: Une ou plusieurs erreurs se sont produites. ---> System.Net.Sockets.SocketException: Hôte inconnu
   à System.Net.Dns.HostResolutionEndHelper(IAsyncResult asyncResult)
   à System.Net.Dns.EndGetHostAddresses(IAsyncResult asyncResult)
   à System.Threading.Tasks.TaskFactory`1.FromAsyncCoreLogic(IAsyncResult iar, Func`2 endFunction, Action`1 endAction, Task`1 promise, Boolean requiresSynchronization)
   --- Fin de la trace de la pile d'exception interne ---
   à System.Threading.Tasks.Task.ThrowIfExceptional(Boolean includeTaskCanceledExceptions)
   à System.Threading.Tasks.Task.Wait(Int32 millisecondsTimeout, CancellationToken cancellationToken)
   à MySql.Data.Common.StreamCreator.GetTcpStream(MySqlConnectionStringBuilder settings)
   à MySql.Data.Common.StreamCreator.GetStream(MySqlConnectionStringBuilder settings)
   à MySql.Data.MySqlClient.NativeDriver.Open()
---> (Exception interne #0) System.Net.Sockets.SocketException (0x80004005): Hôte inconnu
   à System.Net.Dns.HostResolutionEndHelper(IAsyncResult asyncResult)
   à System.Net.Dns.EndGetHostAddresses(IAsyncResult asyncResult)
   à System.Threading.Tasks.TaskFactory`1.FromAsyncCoreLogic(IAsyncResult iar, Func`2 endFunction, Action`1 endAction, Task`1 promise, Boolean requiresSynchronization)<---

   à MySql.Data.MySqlClient.NativeDriver.Open()
   à MySql.Data.MySqlClient.Driver.Open()
   à MySql.Data.MySqlClient.Driver.Create(MySqlConnectionStringBuilder settings)
   à MySql.Data.MySqlClient.MySqlPool.CreateNewPooledConnection()
   à MySql.Data.MySqlClient.MySqlPool.GetPooledConnection()
   à MySql.Data.MySqlClient.MySqlPool.TryToGetDriver()
   à MySql.Data.MySqlClient.MySqlPool.GetConnection()
   à MySql.Data.MySqlClient.MySqlConnection.Open()
   à Eolia_IHM.EoliaSQL.<>c__DisplayClass5_0.<InitialiserConnexionSQL>b__0() dans C:\Users\Rémi\Documents\GitHub\AERO-Application\EOLIA-IHM\Eolia-IHM\Utils\EoliaSQL.cs:ligne 47)
[16:40:58] [MYSQL] Echec lors de la connexion a la BDD MYSQL (MySql.Data.MySqlClient.MySqlException (0x80004005): Unable to connect to any of the specified MySQL hosts. ---> System.AggregateException: Une ou plusieurs erreurs se sont produites. ---> System.Net.Sockets.SocketException: Hôte inconnu
   à System.Net.Dns.HostResolutionEndHelper(IAsyncResult asyncResult)
   à System.Net.Dns.EndGetHostAddresses(IAsyncResult asyncResult)
   à System.Threading.Tasks.TaskFactory`1.FromAsyncCoreLogic(IAsyncResult iar, Func`2 endFunction, Action`1 endAction, Task`1 promise, Boolean requiresSynchronization)
   --- Fin de la trace de la pile d'exception interne ---
   à System.Threading.Tasks.Task.ThrowIfExceptional(Boolean includeTaskCanceledExceptions)
   à System.Threading.Tasks.Task.Wait(Int32 millisecondsTimeout, CancellationToken cancellationToken)
   à MySql.Data.Common.StreamCreator.GetTcpStream(MySqlConnectionStringBuilder settings)
   à MySql.Data.Common.StreamCreator.GetStream(MySqlConnectionStringBuilder settings)
   à MySql.Data.MySqlClient.NativeDriver.Open()
---> (Exception interne #0) System.Net.Sockets.SocketException (0x80004005): Hôte inconnu
   à System.Net.Dns.HostResolutionEndHelper(IAsyncResult asyncResult)
   à System.Net.Dns.EndGetHostAddresses(IAsyncResult asyncResult)
   à System.Threading.Tasks.TaskFactory`1.FromAsyncCoreLogic(IAsyncResult iar, Func`2 endFunction, Action`1 endAction, Task`1 promise, Boolean requiresSynchronization)<---

   à MySql.Data.MySqlClient.NativeDriver.Open()
   à MySql.Data.MySqlClient.Driver.Open()
   à MySql.Data.MySqlClient.Driver.Create(MySqlConnectionStringBuilder settings)
   à MySql.Data.MySqlClient.MySqlPool.CreateNewPooledConnection()
   à MySql.Data.MySqlClient.MySqlPool.GetPooledConnection()
   à MySql.Data.MySqlClient.MySqlPool.TryToGetDriver()
   à MySql.Data.MySqlClient.MySqlPool.GetConnection()
   à MySql.Data.MySqlClient.MySqlConnection.Open()
   à Eolia_IHM.EoliaSQL.<>c__DisplayClass5_0.<InitialiserConnexionSQL>b__0() dans C:\Users\Rémi\Documents\GitHub\AERO-Application\EOLIA-IHM\Eolia-IHM\Utils\EoliaSQL.cs:ligne 47)
[16:40:59] [MYSQL] Echec lors de la connexion a la BDD MYSQL (MySql.Data.MySqlClient.MySqlException (0x80004005): Unable to connect to any of the specified MySQL hosts. ---> System.AggregateException: Une ou plusieurs erreurs se sont produites. ---> System.Net.Sockets.SocketException: Hôte inconnu
   à System.Net.Dns.HostResolutionEndHelper(IAsyncResult asyncResult)
   à System.Net.Dns.EndGetHostAddresses(IAsyncResult asyncResult)
   à System.Threading.Tasks.TaskFactory`1.FromAsyncCoreLogic(IAsyncResult iar, Func`2 endFunction, Action`1 endAction, Task`1 promise, Boolean requiresSynchronization)
   --- Fin de la trace de la pile d'exception interne ---
   à System.Threading.Tasks.Task.ThrowIfExceptional(Boolean includeTaskCanceledExceptions)
   à System.Threading.Tasks.Task.Wait(Int32 millisecondsTimeout, CancellationToken cancellationToken)
   à MySql.Data.Common.StreamCreator.GetTcpStream(MySqlConnectionStringBuilder settings)
   à MySql.Data.Common.StreamCreator.GetStream(MySqlConnectionStringBuilder settings)
   à MySql.Data.MySqlClient.NativeDriver.Open()
---> (Exception interne #0) System.Net.Sockets.SocketException (0x80004005): Hôte inconnu
   à System.Net.Dns.HostResolutionEndHelper(IAsyncResult asyncResult)
   à System.Net.Dns.EndGetHostAddresses(IAsyncResult asyncResult)
   à System.Threading.Tasks.TaskFactory`1.FromAsyncCoreLogic(IAsyncResult iar, Func`2 endFunction, Action`1 endAction, Task`1 promise, Boolean requiresSynchronization)<---

   à MySql.Data.MySqlClient.NativeDriver.Open()
   à MySql.Data.MySqlClient.Driver.Open()
   à MySql.Data.MySqlClient.Driver.Create(MySqlConnectionStringBuilder settings)
   à MySql.Data.MySqlClient.MySqlPool.CreateNewPooledConnection()
   à MySql.Data.MySqlClient.MySqlPool.GetPooledConnection()
   à MySql.Data.MySqlClient.MySqlPool.TryToGetDriver()
   à MySql.Data.MySqlClient.MySqlPool.GetConnection()
   à MySql.Data.MySqlClient.MySqlConnection.Open()
   à Eolia_IHM.EoliaSQL.<>c__DisplayClass5_0.<InitialiserConnexionSQL>b__0() dans C:\Users\Rémi\Documents\GitHub\AERO-Application\EOLIA-IHM\Eolia-IHM\Utils\EoliaSQL.cs:ligne 47)
[16:41:00] [MYSQL] Echec lors de la connexion a la BDD MYSQL (MySql.Data.MySqlClient.MySqlException (0x80004005): Unable to connect to any of the specified MySQL hosts. ---> System.AggregateException: Une ou plusieurs erreurs se sont produites. ---> System.Net.Sockets.SocketException: Hôte inconnu
   à System.Net.Dns.HostResolutionEndHelper(IAsyncResult asyncResult)
   à System.Net.Dns.EndGetHostAddresses(IAsyncResult asyncResult)
   à System.Threading.Tasks.TaskFactory`1.FromAsyncCoreLogic(IAsyncResult iar, Func`2 endFunction, Action`1 endAction, Task`1 promise, Boolean requiresSynchronization)
   --- Fin de la trace de la pile d'exception interne ---
   à System.Threading.Tasks.Task.ThrowIfExceptional(Boolean includeTaskCanceledExceptions)
   à System.Threading.Tasks.Task.Wait(Int32 millisecondsTimeout, CancellationToken cancellationToken)
   à MySql.Data.Common.StreamCreator.GetTcpStream(MySqlConnectionStringBuilder settings)
   à MySql.Data.Common.StreamCreator.GetStream(MySqlConnectionStringBuilder settings)
   à MySql.Data.MySqlClient.NativeDriver.Open()
---> (Exception interne #0) System.Net.Sockets.SocketException (0x80004005): Hôte inconnu
   à System.Net.Dns.HostResolutionEndHelper(IAsyncResult asyncResult)
   à System.Net.Dns.EndGetHostAddresses(IAsyncResult asyncResult)
   à System.Threading.Tasks.TaskFactory`1.FromAsyncCoreLogic(IAsyncResult iar, Func`2 endFunction, Action`1 endAction, Task`1 promise, Boolean requiresSynchronization)<---

   à MySql.Data.MySqlClient.NativeDriver.Open()
   à MySql.Data.MySqlClient.Driver.Open()
   à MySql.Data.MySqlClient.Driver.Create(MySqlConnectionStringBuilder settings)
   à MySql.Data.MySqlClient.MySqlPool.CreateNewPooledConnection()
   à MySql.Data.MySqlClient.MySqlPool.GetPooledConnection()
   à MySql.Data.MySqlClient.MySqlPool.TryToGetDriver()
   à MySql.Data.MySqlClient.MySqlPool.GetConnection()
   à MySql.Data.MySqlClient.MySqlConnection.Open()
   à Eolia_IHM.EoliaSQL.<>c__DisplayClass5_0.<InitialiserConnexionSQL>b__0() dans C:\Users\Rémi\Documents\GitHub\AERO-Application\EOLIA-IHM\Eolia-IHM\Utils\EoliaSQL.cs:ligne 47)
[16:41:01] [MYSQL] Echec lors de la connexion a la BDD MYSQL (MySql.Data.MySqlClient.MySqlException (0x80004005): Unable to connect to any of the specified MySQL hosts. ---> System.AggregateException: Une ou plusieurs erreurs se sont produites. ---> System.Net.Sockets.SocketException: Hôte inconnu
   à System.Net.Dns.HostResolutionEndHelper(IAsyncResult asyncResult)
   à System.Net.Dns.EndGetHostAddresses(IAsyncResult asyncResult)
   à System.Threading.Tasks.TaskFactory`1.FromAsyncCoreLogic(IAsyncResult iar, Func`2 endFunction, Action`1 endAction, Task`1 promise, Boolean requiresSynchronization)
   --- Fin de la trace de la pile d'exception interne ---
   à System.Threading.Tasks.Task.ThrowIfExceptional(Boolean includeTaskCanceledExceptions)
   à System.Threading.Tasks.Task.Wait(Int32 millisecondsTimeout, CancellationToken cancellationToken)
   à MySql.Data.Common.StreamCreator.GetTcpStream(MySqlConnectionStringBuilder settings)
   à MySql.Data.Common.StreamCreator.GetStream(MySqlConnectionStringBuilder settings)
   à MySql.Data.MySqlClient.NativeDriver.Open()
---> (Exception interne #0) System.Net.Sockets.SocketException (0x80004005): Hôte inconnu
   à System.Net.Dns.HostResolutionEndHelper(IAsyncResult asyncResult)
   à System.Net.Dns.EndGetHostAddresses(IAsyncResult asyncResult)
   à System.Threading.Tasks.TaskFactory`1.FromAsyncCoreLogic(IAsyncResult iar, Func`2 endFunction, Action`1 endAction, Task`1 promise, Boolean requiresSynchronization)<---

   à MySql.Data.MySqlClient.NativeDriver.Open()
   à MySql.Data.MySqlClient.Driver.Open()
   à MySql.Data.MySqlClient.Driver.Create(MySqlConnectionStringBuilder settings)
   à MySql.Data.MySqlClient.MySqlPool.CreateNewPooledConnection()
   à MySql.Data.MySqlClient.MySqlPool.GetPooledConnection()
   à MySql.Data.MySqlClient.MySqlPool.TryToGetDriver()
   à MySql.Data.MySqlClient.MySqlPool.GetConnection()
   à MySql.Data.MySqlClient.MySqlConnection.Open()
   à Eolia_IHM.EoliaSQL.<>c__DisplayClass5_0.<InitialiserConnexionSQL>b__0() dans C:\Users\Rémi\Documents\GitHub\AERO-Application\EOLIA-IHM\Eolia-IHM\Utils\EoliaSQL.cs:ligne 47)
[16:41:03] [MYSQL] Echec lors de la connexion a la BDD MYSQL (MySql.Data.MySqlClient.MySqlException (0x80004005): Unable to connect to any of the specified MySQL hosts. ---> System.AggregateException: Une ou plusieurs erreurs se sont produites. ---> System.Net.Sockets.SocketException: Hôte inconnu
   à System.Net.Dns.HostResolutionEndHelper(IAsyncResult asyncResult)
   à System.Net.Dns.EndGetHostAddresses(IAsyncResult asyncResult)
   à System.Threading.Tasks.TaskFactory`1.FromAsyncCoreLogic(IAsyncResult iar, Func`2 endFunction, Action`1 endAction, Task`1 promise, Boolean requiresSynchronization)
   --- Fin de la trace de la pile d'exception interne ---
   à System.Threading.Tasks.Task.ThrowIfExceptional(Boolean includeTaskCanceledExceptions)
   à System.Threading.Tasks.Task.Wait(Int32 millisecondsTimeout, CancellationToken cancellationToken)
   à MySql.Data.Common.StreamCreator.GetTcpStream(MySqlConnectionStringBuilder settings)
   à MySql.Data.Common.StreamCreator.GetStream(MySqlConnectionStringBuilder settings)
   à MySql.Data.MySqlClient.NativeDriver.Open()
---> (Exception interne #0) System.Net.Sockets.SocketException (0x80004005): Hôte inconnu
   à System.Net.Dns.HostResolutionEndHelper(IAsyncResult asyncResult)
   à System.Net.Dns.EndGetHostAddresses(IAsyncResult asyncResult)
   à System.Threading.Tasks.TaskFactory`1.FromAsyncCoreLogic(IAsyncResult iar, Func`2 endFunction, Action`1 endAction, Task`1 promise, Boolean requiresSynchronization)<---

   à MySql.Data.MySqlClient.NativeDriver.Open()
   à MySql.Data.MySqlClient.Driver.Open()
   à MySql.Data.MySqlClient.Driver.Create(MySqlConnectionStringBuilder settings)
   à MySql.Data.MySqlClient.MySqlPool.CreateNewPooledConnection()
   à MySql.Data.MySqlClient.MySqlPool.GetPooledConnection()
   à MySql.Data.MySqlClient.MySqlPool.TryToGetDriver()
   à MySql.Data.MySqlClient.MySqlPool.GetConnection()
   à MySql.Data.MySqlClient.MySqlConnection.Open()
   à Eolia_IHM.EoliaSQL.<>c__DisplayClass5_0.<InitialiserConnexionSQL>b__0() dans C:\Users\Rémi\Documents\GitHub\AERO-Application\EOLIA-IHM\Eolia-IHM\Utils\EoliaSQL.cs:ligne 47)
[16:41:04] [MYSQL] Echec lors de la connexion a la BDD MYSQL (MySql.Data.MySqlClient.MySqlException (0x80004005): Unable to connect to any of the specified MySQL hosts. ---> System.AggregateException: Une ou plusieurs erreurs se sont produites. ---> System.Net.Sockets.SocketException: Hôte inconnu
   à System.Net.Dns.HostResolutionEndHelper(IAsyncResult asyncResult)
   à System.Net.Dns.EndGetHostAddresses(IAsyncResult asyncResult)
   à System.Threading.Tasks.TaskFactory`1.FromAsyncCoreLogic(IAsyncResult iar, Func`2 endFunction, Action`1 endAction, Task`1 promise, Boolean requiresSynchronization)
   --- Fin de la trace de la pile d'exception interne ---
   à System.Threading.Tasks.Task.ThrowIfExceptional(Boolean includeTaskCanceledExceptions)
   à System.Threading.Tasks.Task.Wait(Int32 millisecondsTimeout, CancellationToken cancellationToken)
   à MySql.Data.Common.StreamCreator.GetTcpStream(MySqlConnectionStringBuilder settings)
   à MySql.Data.Common.StreamCreator.GetStream(MySqlConnectionStringBuilder settings)
   à MySql.Data.MySqlClient.NativeDriver.Open()
---> (Exception interne #0) System.Net.Sockets.SocketException (0x80004005): Hôte inconnu
   à System.Net.Dns.HostResolutionEndHelper(IAsyncResult asyncResult)
   à System.Net.Dns.EndGetHostAddresses(IAsyncResult asyncResult)
   à System.Threading.Tasks.TaskFactory`1.FromAsyncCoreLogic(IAsyncResult iar, Func`2 endFunction, Action`1 endAction, Task`1 promise, Boolean requiresSynchronization)<---

   à MySql.Data.MySqlClient.NativeDriver.Open()
   à MySql.Data.MySqlClient.Driver.Open()
   à MySql.Data.MySqlClient.Driver.Create(MySqlConnectionStringBuilder settings)
   à MySql.Data.MySqlClient.MySqlPool.CreateNewPooledConnection()
   à MySql.Data.MySqlClient.MySqlPool.GetPooledConnection()
   à MySql.Data.MySqlClient.MySqlPool.TryToGetDriver()
   à MySql.Data.MySqlClient.MySqlPool.GetConnection()
   à MySql.Data.MySqlClient.MySqlConnection.Open()
   à Eolia_IHM.EoliaSQL.<>c__DisplayClass5_0.<InitialiserConnexionSQL>b__0() dans C:\Users\Rémi\Documents\GitHub\AERO-Application\EOLIA-IHM\Eolia-IHM\Utils\EoliaSQL.cs:ligne 47)
[16:41:05] [MYSQL] Echec lors de la connexion a la BDD MYSQL (MySql.Data.MySqlClient.MySqlException (0x80004005): Unable to connect to any of the specified MySQL hosts. ---> System.AggregateException: Une ou plusieurs erreurs se sont produites. ---> System.Net.Sockets.SocketException: Hôte inconnu
   à System.Net.Dns.HostResolutionEndHelper(IAsyncResult asyncResult)
   à System.Net.Dns.EndGetHostAddresses(IAsyncResult asyncResult)
   à System.Threading.Tasks.TaskFactory`1.FromAsyncCoreLogic(IAsyncResult iar, Func`2 endFunction, Action`1 endAction, Task`1 promise, Boolean requiresSynchronization)
   --- Fin de la trace de la pile d'exception interne ---
   à System.Threading.Tasks.Task.ThrowIfExceptional(Boolean includeTaskCanceledExceptions)
   à System.Threading.Tasks.Task.Wait(Int32 millisecondsTimeout, CancellationToken cancellationToken)
   à MySql.Data.Common.StreamCreator.GetTcpStream(MySqlConnectionStringBuilder settings)
   à MySql.Data.Common.StreamCreator.GetStream(MySqlConnectionStringBuilder settings)
   à MySql.Data.MySqlClient.NativeDriver.Open()
---> (Exception interne #0) System.Net.Sockets.SocketException (0x80004005): Hôte inconnu
   à System.Net.Dns.HostResolutionEndHelper(IAsyncResult asyncResult)
   à System.Net.Dns.EndGetHostAddresses(IAsyncResult asyncResult)
   à System.Threading.Tasks.TaskFactory`1.FromAsyncCoreLogic(IAsyncResult iar, Func`2 endFunction, Action`1 endAction, Task`1 promise, Boolean requiresSynchronization)<---

   à MySql.Data.MySqlClient.NativeDriver.Open()
   à MySql.Data.MySqlClient.Driver.Open()
   à MySql.Data.MySqlClient.Driver.Create(MySqlConnectionStringBuilder settings)
   à MySql.Data.MySqlClient.MySqlPool.CreateNewPooledConnection()
   à MySql.Data.MySqlClient.MySqlPool.GetPooledConnection()
   à MySql.Data.MySqlClient.MySqlPool.TryToGetDriver()
   à MySql.Data.MySqlClient.MySqlPool.GetConnection()
   à MySql.Data.MySqlClient.MySqlConnection.Open()
   à Eolia_IHM.EoliaSQL.<>c__DisplayClass5_0.<InitialiserConnexionSQL>b__0() dans C:\Users\Rémi\Documents\GitHub\AERO-Application\EOLIA-IHM\Eolia-IHM\Utils\EoliaSQL.cs:ligne 47)
[16:41:08] [MYSQL] Echec lors de la connexion a la BDD MYSQL (MySql.Data.MySqlClient.MySqlException (0x80004005): Unable to connect to any of the specified MySQL hosts. ---> System.AggregateException: Une ou plusieurs erreurs se sont produites. ---> System.Net.Sockets.SocketException: Hôte inconnu
   à System.Net.Dns.HostResolutionEndHelper(IAsyncResult asyncResult)
   à System.Net.Dns.EndGetHostAddresses(IAsyncResult asyncResult)
   à System.Threading.Tasks.TaskFactory`1.FromAsyncCoreLogic(IAsyncResult iar, Func`2 endFunction, Action`1 endAction, Task`1 promise, Boolean requiresSynchronization)
   --- Fin de la trace de la pile d'exception interne ---
   à System.Threading.Tasks.Task.ThrowIfExceptional(Boolean includeTaskCanceledExceptions)
   à System.Threading.Tasks.Task.Wait(Int32 millisecondsTimeout, CancellationToken cancellationToken)
   à MySql.Data.Common.StreamCreator.GetTcpStream(MySqlConnectionStringBuilder settings)
   à MySql.Data.Common.StreamCreator.GetStream(MySqlConnectionStringBuilder settings)
   à MySql.Data.MySqlClient.NativeDriver.Open()
---> (Exception interne #0) System.Net.Sockets.SocketException (0x80004005): Hôte inconnu
   à System.Net.Dns.HostResolutionEndHelper(IAsyncResult asyncResult)
   à System.Net.Dns.EndGetHostAddresses(IAsyncResult asyncResult)
   à System.Threading.Tasks.TaskFactory`1.FromAsyncCoreLogic(IAsyncResult iar, Func`2 endFunction, Action`1 endAction, Task`1 promise, Boolean requiresSynchronization)<---

   à MySql.Data.MySqlClient.NativeDriver.Open()
   à MySql.Data.MySqlClient.Driver.Open()
   à MySql.Data.MySqlClient.Driver.Create(MySqlConnectionStringBuilder settings)
   à MySql.Data.MySqlClient.MySqlPool.CreateNewPooledConnection()
   à MySql.Data.MySqlClient.MySqlPool.GetPooledConnection()
   à MySql.Data.MySqlClient.MySqlPool.TryToGetDriver()
   à MySql.Data.MySqlClient.MySqlPool.GetConnection()
   à MySql.Data.MySqlClient.MySqlConnection.Open()
   à Eolia_IHM.EoliaSQL.<>c__DisplayClass5_0.<InitialiserConnexionSQL>b__0() dans C:\Users\Rémi\Documents\GitHub\AERO-Application\EOLIA-IHM\Eolia-IHM\Utils\EoliaSQL.cs:ligne 47)
[16:41:13] [MYSQL] Echec lors de la connexion a la BDD MYSQL (MySql.Data.MySqlClient.MySqlException (0x80004005): Unable to connect to any of the specified MySQL hosts. ---> System.AggregateException: Une ou plusieurs erreurs se sont produites. ---> System.Net.Sockets.SocketException: Hôte inconnu
   à System.Net.Dns.HostResolutionEndHelper(IAsyncResult asyncResult)
   à System.Net.Dns.EndGetHostAddresses(IAsyncResult asyncResult)
   à System.Threading.Tasks.TaskFactory`1.FromAsyncCoreLogic(IAsyncResult iar, Func`2 endFunction, Action`1 endAction, Task`1 promise, Boolean requiresSynchronization)
   --- Fin de la trace de la pile d'exception interne ---
   à System.Threading.Tasks.Task.ThrowIfExceptional(Boolean includeTaskCanceledExceptions)
   à System.Threading.Tasks.Task.Wait(Int32 millisecondsTimeout, CancellationToken cancellationToken)
   à MySql.Data.Common.StreamCreator.GetTcpStream(MySqlConnectionStringBuilder settings)
   à MySql.Data.Common.StreamCreator.GetStream(MySqlConnectionStringBuilder settings)
   à MySql.Data.MySqlClient.NativeDriver.Open()
---> (Exception interne #0) System.Net.Sockets.SocketException (0x80004005): Hôte inconnu
   à System.Net.Dns.HostResolutionEndHelper(IAsyncResult asyncResult)
   à System.Net.Dns.EndGetHostAddresses(IAsyncResult asyncResult)
   à System.Threading.Tasks.TaskFactory`1.FromAsyncCoreLogic(IAsyncResult iar, Func`2 endFunction, Action`1 endAction, Task`1 promise, Boolean requiresSynchronization)<---

   à MySql.Data.MySqlClient.NativeDriver.Open()
   à MySql.Data.MySqlClient.Driver.Open()
   à MySql.Data.MySqlClient.Driver.Create(MySqlConnectionStringBuilder settings)
   à MySql.Data.MySqlClient.MySqlPool.CreateNewPooledConnection()
   à MySql.Data.MySqlClient.MySqlPool.GetPooledConnection()
   à MySql.Data.MySqlClient.MySqlPool.TryToGetDriver()
   à MySql.Data.MySqlClient.MySqlPool.GetConnection()
   à MySql.Data.MySqlClient.MySqlConnection.Open()
   à Eolia_IHM.EoliaSQL.<>c__DisplayClass5_0.<InitialiserConnexionSQL>b__0() dans C:\Users\Rémi\Documents\GitHub\AERO-Application\EOLIA-IHM\Eolia-IHM\Utils\EoliaSQL.cs:ligne 47)
[16:41:14] [MYSQL] Echec lors de la connexion a la BDD MYSQL (MySql.Data.MySqlClient.MySqlException (0x80004005): Unable to connect to any of the specified MySQL hosts. ---> System.AggregateException: Une ou plusieurs erreurs se sont produites. ---> System.Net.Sockets.SocketException: Hôte inconnu
   à System.Net.Dns.HostResolutionEndHelper(IAsyncResult asyncResult)
   à System.Net.Dns.EndGetHostAddresses(IAsyncResult asyncResult)
   à System.Threading.Tasks.TaskFactory`1.FromAsyncCoreLogic(IAsyncResult iar, Func`2 endFunction, Action`1 endAction, Task`1 promise, Boolean requiresSynchronization)
   --- Fin de la trace de la pile d'exception interne ---
   à System.Threading.Tasks.Task.ThrowIfExceptional(Boolean includeTaskCanceledExceptions)
   à System.Threading.Tasks.Task.Wait(Int32 millisecondsTimeout, CancellationToken cancellationToken)
   à MySql.Data.Common.StreamCreator.GetTcpStream(MySqlConnectionStringBuilder settings)
   à MySql.Data.Common.StreamCreator.GetStream(MySqlConnectionStringBuilder settings)
   à MySql.Data.MySqlClient.NativeDriver.Open()
---> (Exception interne #0) System.Net.Sockets.SocketException (0x80004005): Hôte inconnu
   à System.Net.Dns.HostResolutionEndHelper(IAsyncResult asyncResult)
   à System.Net.Dns.EndGetHostAddresses(IAsyncResult asyncResult)
   à System.Threading.Tasks.TaskFactory`1.FromAsyncCoreLogic(IAsyncResult iar, Func`2 endFunction, Action`1 endAction, Task`1 promise, Boolean requiresSynchronization)<---

   à MySql.Data.MySqlClient.NativeDriver.Open()
   à MySql.Data.MySqlClient.Driver.Open()
   à MySql.Data.MySqlClient.Driver.Create(MySqlConnectionStringBuilder settings)
   à MySql.Data.MySqlClient.MySqlPool.CreateNewPooledConnection()
   à MySql.Data.MySqlClient.MySqlPool.GetPooledConnection()
   à MySql.Data.MySqlClient.MySqlPool.TryToGetDriver()
   à MySql.Data.MySqlClient.MySqlPool.GetConnection()
   à MySql.Data.MySqlClient.MySqlConnection.Open()
   à Eolia_IHM.EoliaSQL.<>c__DisplayClass5_0.<InitialiserConnexionSQL>b__0() dans C:\Users\Rémi\Documents\GitHub\AERO-Application\EOLIA-IHM\Eolia-IHM\Utils\EoliaSQL.cs:ligne 47)
